#
# There is insufficient memory for the Java Runtime Environment to continue.
# Native memory allocation (malloc) failed to allocate 1597136 bytes for Chunk::new
# Possible reasons:
#   The system is out of physical RAM or swap space
#   The process is running with CompressedOops enabled, and the Java Heap may be blocking the growth of the native heap
# Possible solutions:
#   Reduce memory load on the system
#   Increase physical memory or swap space
#   Check if swap backing store is full
#   Decrease Java heap size (-Xmx/-Xms)
#   Decrease number of Java threads
#   Decrease Java thread stack sizes (-Xss)
#   Set larger code cache with -XX:ReservedCodeCacheSize=
#   JVM is running with Unscaled Compressed Oops mode in which the Java heap is
#     placed in the first 4GB address space. The Java Heap base address is the
#     maximum limit for the native heap growth. Please use -XX:HeapBaseMinAddress
#     to set the Java Heap base and to place the Java Heap above 4GB virtual address.
# This output file may be truncated or incomplete.
#
#  Out of Memory Error (arena.cpp:189), pid=17188, tid=11780
#
# JRE version: OpenJDK Runtime Environment (17.0.6) (build 17.0.6+0-b2043.56-10027231)
# Java VM: OpenJDK 64-Bit Server VM (17.0.6+0-b2043.56-10027231, mixed mode, tiered, compressed oops, compressed class ptrs, g1 gc, windows-amd64)
# No core dump will be written. Minidumps are not enabled by default on client versions of Windows
#

---------------  S U M M A R Y ------------

Command Line: --add-opens=java.base/java.util=ALL-UNNAMED --add-opens=java.base/java.lang=ALL-UNNAMED --add-opens=java.base/java.lang.invoke=ALL-UNNAMED --add-opens=java.prefs/java.util.prefs=ALL-UNNAMED --add-opens=java.base/java.nio.charset=ALL-UNNAMED --add-opens=java.base/java.net=ALL-UNNAMED --add-opens=java.base/java.util.concurrent.atomic=ALL-UNNAMED -Xmx2048m -Dfile.encoding=UTF-8 -Duser.country=US -Duser.language=en -Duser.variant org.gradle.launcher.daemon.bootstrap.GradleDaemon 8.0

Host: Intel(R) Core(TM) i3-10105F CPU @ 3.70GHz, 8 cores, 15G,  Windows 11 , 64 bit Build 22621 (10.0.22621.2506)
Time: Wed Nov 22 16:21:10 2023 E. South America Standard Time elapsed time: 469.045557 seconds (0d 0h 7m 49s)

---------------  T H R E A D  ---------------

Current thread (0x0000020022c7ee60):  JavaThread "C2 CompilerThread0" daemon [_thread_in_native, id=11780, stack(0x000000d9f4600000,0x000000d9f4700000)]


Current CompileTask:
C2: 469045 17090   !   4       java.io.ObjectOutputStream::writeSerialData (223 bytes)

Stack: [0x000000d9f4600000,0x000000d9f4700000]
Native frames: (J=compiled Java code, j=interpreted, Vv=VM code, C=native code)
V  [jvm.dll+0x683c9a]
V  [jvm.dll+0x8427a4]
V  [jvm.dll+0x843f9e]
V  [jvm.dll+0x844603]
V  [jvm.dll+0x249b75]
V  [jvm.dll+0xabcac]
V  [jvm.dll+0xac27c]
V  [jvm.dll+0x368802]
V  [jvm.dll+0x1bced2]
V  [jvm.dll+0x21c359]
V  [jvm.dll+0x21b621]
V  [jvm.dll+0x1a4fdd]
V  [jvm.dll+0x22b098]
V  [jvm.dll+0x229159]
V  [jvm.dll+0x7f81ec]
V  [jvm.dll+0x7f274a]
V  [jvm.dll+0x682ad5]
C  [ucrtbase.dll+0x29363]
C  [KERNEL32.DLL+0x1257d]
C  [ntdll.dll+0x5aa58]


---------------  P R O C E S S  ---------------

Threads class SMR info:
_java_thread_list=0x000002002a28a8a0, length=151, elements={
0x000002000856a030, 0x00000200223b5a90, 0x0000020022c37030, 0x0000020022c7a2a0,
0x0000020022c7ac60, 0x0000020022c7d720, 0x0000020022c7e0d0, 0x0000020022c7ee60,
0x0000020022c7ff10, 0x0000020022c83d20, 0x0000020022e309d0, 0x0000020022e30ea0,
0x0000020023a3e6b0, 0x0000020025d3c0e0, 0x00000200263d08a0, 0x000002002467c5c0,
0x00000200246795a0, 0x000002002467a8e0, 0x0000020024679a70, 0x000002002467adb0,
0x000002002467bc20, 0x00000200273136b0, 0x0000020027311030, 0x00000200273101c0,
0x0000020027311ea0, 0x0000020027311500, 0x0000020027312370, 0x0000020027312d10,
0x000002002a8dfb40, 0x000002002a8d9fd0, 0x000002002a8dd990, 0x000002002a8da4a0,
0x00000200233f5c80, 0x000002002a205c30, 0x000002002a2035b0, 0x000002002a206100,
0x00000200289f01d0, 0x0000020028ece060, 0x0000020026de39a0, 0x0000020026de4340,
0x0000020028056a60, 0x00000200233f4470, 0x000002002f1e6790, 0x000002002f1e4f80,
0x000002002f1e62c0, 0x0000020028050080, 0x0000020028053570, 0x0000020028056f30,
0x000002002d5cda90, 0x0000020028057400, 0x00000200280560c0, 0x0000020028055250,
0x00000200280578d0, 0x0000020028050550, 0x00000200233f4940, 0x0000020025452200,
0x0000020025450520, 0x0000020025452ba0, 0x0000020025450050, 0x00000200254526d0,
0x0000020025453540, 0x0000020025451390, 0x00000200254509f0, 0x0000020028050a20,
0x00000200280548b0, 0x0000020028056590, 0x00000200289ee020, 0x00000200289ecce0,
0x00000200289ee4f0, 0x00000200289efd00, 0x00000200289ed1b0, 0x00000200289ed680,
0x00000200289ee9c0, 0x00000200289ec810, 0x00000200289edb50, 0x00000200289eee90,
0x00000200289ef360, 0x00000200289ef830, 0x000002002a203a80, 0x000002002ca76980,
0x000002002ca77320, 0x000002002a1e0f80, 0x000002002a1e1920, 0x000002002a1e22c0,
0x000002002a1e2790, 0x0000020028050ef0, 0x000002002f1e5920, 0x000002002f1e5450,
0x000002002f1e5df0, 0x0000020022f8ea00, 0x0000020022f8b510, 0x0000020022f8d6c0,
0x0000020022f8e530, 0x0000020022f8db90, 0x0000020022f8e060, 0x0000020022f8c850,
0x0000020022f8b040, 0x0000020022f8b9e0, 0x0000020022f8beb0, 0x0000020022f8c380,
0x0000020022f8cd20, 0x0000020022f8d1f0, 0x000002002a0cbd20, 0x000002002a0cc1f0,
0x000002002a0ca510, 0x000002002a0cd060, 0x000002002a0cc6c0, 0x000002002a0ccb90,
0x000002002a0ca9e0, 0x000002002a0caeb0, 0x000002002a0cb380, 0x000002002a0cb850,
0x000002002a0cd530, 0x000002002a0cda00, 0x000002002a0ca040, 0x000002002cbfbb30,
0x000002002cbfe680, 0x000002002cbfc000, 0x000002002cbfe1b0, 0x000002002cbff020,
0x000002002cbfeb50, 0x000002002cbfd340, 0x000002002cbff4f0, 0x000002002cbfc4d0,
0x000002002cbfc9a0, 0x000002002cbfce70, 0x000002002cbfd810, 0x0000020026de4810,
0x0000020026de34d0, 0x0000020028ece530, 0x0000020028ecf3a0, 0x0000020028ecc380,
0x0000020028ecc850, 0x0000020028eccd20, 0x0000020028eceed0, 0x000002002a1e1450,
0x000002002a2065d0, 0x000002002a205760, 0x0000020028051d60, 0x0000020025450ec0,
0x0000020025451860, 0x0000020025451d30, 0x0000020025453070, 0x0000020025453a10,
0x000002002d477610, 0x000002002d474f90, 0x000002002ca764b0, 0x000002002d475930,
0x000002002cbfdce0, 0x00000200280513c0, 0x0000020028052230
}

Java Threads: ( => current thread )
  0x000002000856a030 JavaThread "main" [_thread_blocked, id=22708, stack(0x000000d9f3900000,0x000000d9f3a00000)]
  0x00000200223b5a90 JavaThread "Reference Handler" daemon [_thread_blocked, id=13972, stack(0x000000d9f4000000,0x000000d9f4100000)]
  0x0000020022c37030 JavaThread "Finalizer" daemon [_thread_blocked, id=27636, stack(0x000000d9f4100000,0x000000d9f4200000)]
  0x0000020022c7a2a0 JavaThread "Signal Dispatcher" daemon [_thread_blocked, id=19872, stack(0x000000d9f4200000,0x000000d9f4300000)]
  0x0000020022c7ac60 JavaThread "Attach Listener" daemon [_thread_blocked, id=24296, stack(0x000000d9f4300000,0x000000d9f4400000)]
  0x0000020022c7d720 JavaThread "Service Thread" daemon [_thread_blocked, id=19100, stack(0x000000d9f4400000,0x000000d9f4500000)]
  0x0000020022c7e0d0 JavaThread "Monitor Deflation Thread" daemon [_thread_blocked, id=4764, stack(0x000000d9f4500000,0x000000d9f4600000)]
=>0x0000020022c7ee60 JavaThread "C2 CompilerThread0" daemon [_thread_in_native, id=11780, stack(0x000000d9f4600000,0x000000d9f4700000)]
  0x0000020022c7ff10 JavaThread "C1 CompilerThread0" daemon [_thread_blocked, id=868, stack(0x000000d9f4700000,0x000000d9f4800000)]
  0x0000020022c83d20 JavaThread "Sweeper thread" daemon [_thread_blocked, id=16000, stack(0x000000d9f4800000,0x000000d9f4900000)]
  0x0000020022e309d0 JavaThread "Common-Cleaner" daemon [_thread_blocked, id=10336, stack(0x000000d9f4900000,0x000000d9f4a00000)]
  0x0000020022e30ea0 JavaThread "Notification Thread" daemon [_thread_blocked, id=3460, stack(0x000000d9f4a00000,0x000000d9f4b00000)]
  0x0000020023a3e6b0 JavaThread "Daemon health stats" [_thread_blocked, id=22424, stack(0x000000d9f5200000,0x000000d9f5300000)]
  0x0000020025d3c0e0 JavaThread "Incoming local TCP Connector on port 58813" [_thread_in_native, id=24048, stack(0x000000d9f5300000,0x000000d9f5400000)]
  0x00000200263d08a0 JavaThread "Daemon periodic checks" [_thread_blocked, id=12308, stack(0x000000d9f5400000,0x000000d9f5500000)]
  0x000002002467c5c0 JavaThread "Cache worker for journal cache (C:\Users\macha\.gradle\caches\journal-1)" [_thread_blocked, id=6924, stack(0x000000d9f5e00000,0x000000d9f5f00000)]
  0x00000200246795a0 JavaThread "File lock request listener" [_thread_in_native, id=14568, stack(0x000000d9f5f00000,0x000000d9f6000000)]
  0x000002002467a8e0 JavaThread "Cache worker for file hash cache (C:\Users\macha\.gradle\caches\8.0\fileHashes)" [_thread_blocked, id=11360, stack(0x000000d9f6000000,0x000000d9f6100000)]
  0x0000020024679a70 JavaThread "File watcher server" daemon [_thread_in_native, id=9364, stack(0x000000d9f6300000,0x000000d9f6400000)]
  0x000002002467adb0 JavaThread "File watcher consumer" daemon [_thread_blocked, id=7316, stack(0x000000d9f6400000,0x000000d9f6500000)]
  0x000002002467bc20 JavaThread "Cache worker for file content cache (C:\Users\macha\.gradle\caches\8.0\fileContent)" [_thread_blocked, id=20944, stack(0x000000d9f6700000,0x000000d9f6800000)]
  0x00000200273136b0 JavaThread "Cache worker for execution history cache (C:\Users\macha\.gradle\caches\8.0\executionHistory)" [_thread_blocked, id=17372, stack(0x000000d9f6a00000,0x000000d9f6b00000)]
  0x0000020027311030 JavaThread "jar transforms" [_thread_blocked, id=10292, stack(0x000000d9f6200000,0x000000d9f6300000)]
  0x00000200273101c0 JavaThread "jar transforms Thread 2" [_thread_blocked, id=24412, stack(0x000000d9f6b00000,0x000000d9f6c00000)]
  0x0000020027311ea0 JavaThread "Cache worker for kotlin-dsl (C:\Users\macha\.gradle\caches\8.0\kotlin-dsl)" [_thread_blocked, id=22612, stack(0x000000d9f6d00000,0x000000d9f6e00000)]
  0x0000020027311500 JavaThread "jar transforms Thread 3" [_thread_blocked, id=5760, stack(0x000000d9f6f00000,0x000000d9f7000000)]
  0x0000020027312370 JavaThread "jar transforms Thread 4" [_thread_blocked, id=16476, stack(0x000000d9f7000000,0x000000d9f7100000)]
  0x0000020027312d10 JavaThread "jar transforms Thread 5" [_thread_blocked, id=26916, stack(0x000000d9f7200000,0x000000d9f7300000)]
  0x000002002a8dfb40 JavaThread "jar transforms Thread 6" [_thread_blocked, id=22736, stack(0x000000d9fc400000,0x000000d9fc500000)]
  0x000002002a8d9fd0 JavaThread "jar transforms Thread 7" [_thread_blocked, id=20696, stack(0x000000d9fc500000,0x000000d9fc600000)]
  0x000002002a8dd990 JavaThread "jar transforms Thread 8" [_thread_blocked, id=21932, stack(0x000000d9fc600000,0x000000d9fc700000)]
  0x000002002a8da4a0 JavaThread "Memory manager" [_thread_blocked, id=8056, stack(0x000000d9fc700000,0x000000d9fc800000)]
  0x00000200233f5c80 JavaThread "ForkJoinPool.commonPool-worker-1" daemon [_thread_blocked, id=24304, stack(0x000000d9fd700000,0x000000d9fd800000)]
  0x000002002a205c30 JavaThread "RMI Scheduler(0)" daemon [_thread_blocked, id=14828, stack(0x000000d9fd400000,0x000000d9fd500000)]
  0x000002002a2035b0 JavaThread "RMI GC Daemon" daemon [_thread_blocked, id=13080, stack(0x000000d9fd600000,0x000000d9fd700000)]
  0x000002002a206100 JavaThread "RMI TCP Accept-0" daemon [_thread_in_native, id=7068, stack(0x000000d9fd800000,0x000000d9fd900000)]
  0x00000200289f01d0 JavaThread "RMI Reaper" [_thread_blocked, id=26656, stack(0x000000d9fd900000,0x000000d9fda00000)]
  0x0000020028ece060 JavaThread "Cache worker for Java compile cache (C:\Users\macha\.gradle\caches\8.0\javaCompile)" [_thread_blocked, id=19932, stack(0x000000d9f5800000,0x000000d9f5900000)]
  0x0000020026de39a0 JavaThread "ForkJoinPool.commonPool-worker-8" daemon [_thread_blocked, id=25268, stack(0x000000d9fed00000,0x000000d9fee00000)]
  0x0000020026de4340 JavaThread "ForkJoinPool.commonPool-worker-9" daemon [_thread_blocked, id=14640, stack(0x000000d9fee00000,0x000000d9fef00000)]
  0x0000020028056a60 JavaThread "ForkJoinPool.commonPool-worker-10" daemon [_thread_blocked, id=25032, stack(0x000000d9fef00000,0x000000d9ff000000)]
  0x00000200233f4470 JavaThread "Daemon Thread 3" [_thread_blocked, id=13932, stack(0x000000d9f3600000,0x000000d9f3700000)]
  0x000002002f1e6790 JavaThread "Handler for socket connection from /127.0.0.1:58813 to /127.0.0.1:59171" [_thread_in_native, id=14688, stack(0x000000d9f3700000,0x000000d9f3800000)]
  0x000002002f1e4f80 JavaThread "Cancel handler" [_thread_blocked, id=6188, stack(0x000000d9f3800000,0x000000d9f3900000)]
  0x000002002f1e62c0 JavaThread "Daemon worker Thread 3" [_thread_blocked, id=25212, stack(0x000000d9f4c00000,0x000000d9f4d00000)]
  0x0000020028050080 JavaThread "Asynchronous log dispatcher for DefaultDaemonConnection: socket connection from /127.0.0.1:58813 to /127.0.0.1:59171" [_thread_blocked, id=13900, stack(0x000000d9f5500000,0x000000d9f5600000)]
  0x0000020028053570 JavaThread "Stdin handler" [_thread_blocked, id=13404, stack(0x000000d9f5600000,0x000000d9f5700000)]
  0x0000020028056f30 JavaThread "Daemon client event forwarder" [_thread_blocked, id=23232, stack(0x000000d9f5700000,0x000000d9f5800000)]
  0x000002002d5cda90 JavaThread "C2 CompilerThread1" daemon [_thread_blocked, id=9504, stack(0x000000d9f5900000,0x000000d9f5a00000)]
  0x0000020028057400 JavaThread "Cache worker for checksums cache (C:\Users\macha\Minhasnotas\.gradle\8.0\checksums)" [_thread_blocked, id=24852, stack(0x000000d9f5a00000,0x000000d9f5b00000)]
  0x00000200280560c0 JavaThread "Cache worker for cache directory md-rule (C:\Users\macha\.gradle\caches\8.0\md-rule)" [_thread_blocked, id=23988, stack(0x000000d9f6100000,0x000000d9f6200000)]
  0x0000020028055250 JavaThread "Cache worker for file hash cache (C:\Users\macha\Minhasnotas\.gradle\8.0\fileHashes)" [_thread_blocked, id=11024, stack(0x000000d9f6500000,0x000000d9f6600000)]
  0x00000200280578d0 JavaThread "Cache worker for cache directory md-supplier (C:\Users\macha\.gradle\caches\8.0\md-supplier)" [_thread_blocked, id=9356, stack(0x000000d9f6600000,0x000000d9f6700000)]
  0x0000020028050550 JavaThread "Cache worker for dependencies-accessors (C:\Users\macha\Minhasnotas\.gradle\8.0\dependencies-accessors)" [_thread_blocked, id=4016, stack(0x000000d9f6800000,0x000000d9f6900000)]
  0x00000200233f4940 JavaThread "Cache worker for Build Output Cleanup Cache (C:\Users\macha\Minhasnotas\.gradle\buildOutputCleanup)" [_thread_blocked, id=26060, stack(0x000000d9f6900000,0x000000d9f6a00000)]
  0x0000020025452200 JavaThread "Unconstrained build operations" [_thread_blocked, id=7572, stack(0x000000d9f7100000,0x000000d9f7200000)]
  0x0000020025450520 JavaThread "Unconstrained build operations Thread 2" [_thread_blocked, id=24312, stack(0x000000d9f7300000,0x000000d9f7400000)]
  0x0000020025452ba0 JavaThread "Unconstrained build operations Thread 3" [_thread_blocked, id=4800, stack(0x000000d9f7400000,0x000000d9f7500000)]
  0x0000020025450050 JavaThread "Unconstrained build operations Thread 4" [_thread_blocked, id=11368, stack(0x000000d9f7500000,0x000000d9f7600000)]
  0x00000200254526d0 JavaThread "Unconstrained build operations Thread 5" [_thread_blocked, id=22420, stack(0x000000d9f7600000,0x000000d9f7700000)]
  0x0000020025453540 JavaThread "Unconstrained build operations Thread 6" [_thread_blocked, id=22552, stack(0x000000d9f7700000,0x000000d9f7800000)]
  0x0000020025451390 JavaThread "Unconstrained build operations Thread 7" [_thread_blocked, id=26416, stack(0x000000d9f7800000,0x000000d9f7900000)]
  0x00000200254509f0 JavaThread "Unconstrained build operations Thread 8" [_thread_blocked, id=24056, stack(0x000000d9f7900000,0x000000d9f7a00000)]
  0x0000020028050a20 JavaThread "Unconstrained build operations Thread 9" [_thread_blocked, id=7284, stack(0x000000d9f7a00000,0x000000d9f7b00000)]
  0x00000200280548b0 JavaThread "Unconstrained build operations Thread 10" [_thread_blocked, id=12104, stack(0x000000d9f7b00000,0x000000d9f7c00000)]
  0x0000020028056590 JavaThread "Unconstrained build operations Thread 11" [_thread_blocked, id=14308, stack(0x000000d9f7c00000,0x000000d9f7d00000)]
  0x00000200289ee020 JavaThread "Unconstrained build operations Thread 12" [_thread_blocked, id=16268, stack(0x000000d9f7d00000,0x000000d9f7e00000)]
  0x00000200289ecce0 JavaThread "Unconstrained build operations Thread 13" [_thread_blocked, id=6832, stack(0x000000d9f7e00000,0x000000d9f7f00000)]
  0x00000200289ee4f0 JavaThread "Unconstrained build operations Thread 14" [_thread_blocked, id=27644, stack(0x000000d9f7f00000,0x000000d9f8000000)]
  0x00000200289efd00 JavaThread "Unconstrained build operations Thread 15" [_thread_blocked, id=1692, stack(0x000000d9f8000000,0x000000d9f8100000)]
  0x00000200289ed1b0 JavaThread "Unconstrained build operations Thread 16" [_thread_blocked, id=5144, stack(0x000000d9f8100000,0x000000d9f8200000)]
  0x00000200289ed680 JavaThread "Unconstrained build operations Thread 17" [_thread_blocked, id=24824, stack(0x000000d9f8200000,0x000000d9f8300000)]
  0x00000200289ee9c0 JavaThread "Unconstrained build operations Thread 18" [_thread_blocked, id=27000, stack(0x000000d9f8300000,0x000000d9f8400000)]
  0x00000200289ec810 JavaThread "Unconstrained build operations Thread 19" [_thread_blocked, id=16816, stack(0x000000d9f8400000,0x000000d9f8500000)]
  0x00000200289edb50 JavaThread "Unconstrained build operations Thread 20" [_thread_blocked, id=13704, stack(0x000000d9f8500000,0x000000d9f8600000)]
  0x00000200289eee90 JavaThread "Unconstrained build operations Thread 21" [_thread_blocked, id=20392, stack(0x000000d9f8600000,0x000000d9f8700000)]
  0x00000200289ef360 JavaThread "Unconstrained build operations Thread 22" [_thread_blocked, id=10820, stack(0x000000d9f8700000,0x000000d9f8800000)]
  0x00000200289ef830 JavaThread "Unconstrained build operations Thread 23" [_thread_blocked, id=19256, stack(0x000000d9f8800000,0x000000d9f8900000)]
  0x000002002a203a80 JavaThread "Unconstrained build operations Thread 24" [_thread_blocked, id=5520, stack(0x000000d9f8900000,0x000000d9f8a00000)]
  0x000002002ca76980 JavaThread "Unconstrained build operations Thread 25" [_thread_blocked, id=17460, stack(0x000000d9f8a00000,0x000000d9f8b00000)]
  0x000002002ca77320 JavaThread "Unconstrained build operations Thread 26" [_thread_blocked, id=23732, stack(0x000000d9f8b00000,0x000000d9f8c00000)]
  0x000002002a1e0f80 JavaThread "Unconstrained build operations Thread 27" [_thread_blocked, id=10340, stack(0x000000d9f8c00000,0x000000d9f8d00000)]
  0x000002002a1e1920 JavaThread "Unconstrained build operations Thread 28" [_thread_blocked, id=1652, stack(0x000000d9f8d00000,0x000000d9f8e00000)]
  0x000002002a1e22c0 JavaThread "Unconstrained build operations Thread 29" [_thread_blocked, id=14288, stack(0x000000d9f8e00000,0x000000d9f8f00000)]
  0x000002002a1e2790 JavaThread "Unconstrained build operations Thread 30" [_thread_blocked, id=17416, stack(0x000000d9f8f00000,0x000000d9f9000000)]
  0x0000020028050ef0 JavaThread "Unconstrained build operations Thread 31" [_thread_blocked, id=16360, stack(0x000000d9f9000000,0x000000d9f9100000)]
  0x000002002f1e5920 JavaThread "Unconstrained build operations Thread 32" [_thread_blocked, id=11176, stack(0x000000d9f9100000,0x000000d9f9200000)]
  0x000002002f1e5450 JavaThread "Unconstrained build operations Thread 33" [_thread_blocked, id=22808, stack(0x000000d9f9200000,0x000000d9f9300000)]
  0x000002002f1e5df0 JavaThread "Unconstrained build operations Thread 34" [_thread_blocked, id=1304, stack(0x000000d9f9300000,0x000000d9f9400000)]
  0x0000020022f8ea00 JavaThread "Unconstrained build operations Thread 35" [_thread_blocked, id=14020, stack(0x000000d9f9400000,0x000000d9f9500000)]
  0x0000020022f8b510 JavaThread "Unconstrained build operations Thread 36" [_thread_blocked, id=25084, stack(0x000000d9f9500000,0x000000d9f9600000)]
  0x0000020022f8d6c0 JavaThread "Unconstrained build operations Thread 37" [_thread_blocked, id=10796, stack(0x000000d9f9600000,0x000000d9f9700000)]
  0x0000020022f8e530 JavaThread "Unconstrained build operations Thread 38" [_thread_blocked, id=2804, stack(0x000000d9f9700000,0x000000d9f9800000)]
  0x0000020022f8db90 JavaThread "Unconstrained build operations Thread 39" [_thread_blocked, id=3880, stack(0x000000d9f9800000,0x000000d9f9900000)]
  0x0000020022f8e060 JavaThread "Unconstrained build operations Thread 40" [_thread_blocked, id=20300, stack(0x000000d9f9900000,0x000000d9f9a00000)]
  0x0000020022f8c850 JavaThread "Unconstrained build operations Thread 41" [_thread_blocked, id=20896, stack(0x000000d9f9a00000,0x000000d9f9b00000)]
  0x0000020022f8b040 JavaThread "Unconstrained build operations Thread 42" [_thread_blocked, id=23608, stack(0x000000d9f9b00000,0x000000d9f9c00000)]
  0x0000020022f8b9e0 JavaThread "Unconstrained build operations Thread 43" [_thread_blocked, id=15908, stack(0x000000d9f9c00000,0x000000d9f9d00000)]
  0x0000020022f8beb0 JavaThread "Unconstrained build operations Thread 44" [_thread_blocked, id=17852, stack(0x000000d9f9d00000,0x000000d9f9e00000)]
  0x0000020022f8c380 JavaThread "Unconstrained build operations Thread 45" [_thread_blocked, id=20836, stack(0x000000d9f9e00000,0x000000d9f9f00000)]
  0x0000020022f8cd20 JavaThread "Unconstrained build operations Thread 46" [_thread_blocked, id=18544, stack(0x000000d9f9f00000,0x000000d9fa000000)]
  0x0000020022f8d1f0 JavaThread "Unconstrained build operations Thread 47" [_thread_blocked, id=7968, stack(0x000000d9fa000000,0x000000d9fa100000)]
  0x000002002a0cbd20 JavaThread "Unconstrained build operations Thread 48" [_thread_blocked, id=24316, stack(0x000000d9fa100000,0x000000d9fa200000)]
  0x000002002a0cc1f0 JavaThread "Unconstrained build operations Thread 49" [_thread_blocked, id=23572, stack(0x000000d9fa200000,0x000000d9fa300000)]
  0x000002002a0ca510 JavaThread "Unconstrained build operations Thread 50" [_thread_blocked, id=25012, stack(0x000000d9fa300000,0x000000d9fa400000)]
  0x000002002a0cd060 JavaThread "Unconstrained build operations Thread 51" [_thread_blocked, id=11152, stack(0x000000d9fa400000,0x000000d9fa500000)]
  0x000002002a0cc6c0 JavaThread "Unconstrained build operations Thread 52" [_thread_blocked, id=22400, stack(0x000000d9fa500000,0x000000d9fa600000)]
  0x000002002a0ccb90 JavaThread "Unconstrained build operations Thread 53" [_thread_blocked, id=16832, stack(0x000000d9fa600000,0x000000d9fa700000)]
  0x000002002a0ca9e0 JavaThread "Unconstrained build operations Thread 54" [_thread_blocked, id=26472, stack(0x000000d9fa700000,0x000000d9fa800000)]
  0x000002002a0caeb0 JavaThread "Unconstrained build operations Thread 55" [_thread_blocked, id=27112, stack(0x000000d9fa800000,0x000000d9fa900000)]
  0x000002002a0cb380 JavaThread "Unconstrained build operations Thread 56" [_thread_blocked, id=14736, stack(0x000000d9fa900000,0x000000d9faa00000)]
  0x000002002a0cb850 JavaThread "Unconstrained build operations Thread 57" [_thread_blocked, id=23780, stack(0x000000d9faa00000,0x000000d9fab00000)]
  0x000002002a0cd530 JavaThread "Unconstrained build operations Thread 58" [_thread_blocked, id=14624, stack(0x000000d9fab00000,0x000000d9fac00000)]
  0x000002002a0cda00 JavaThread "Unconstrained build operations Thread 59" [_thread_blocked, id=10596, stack(0x000000d9fac00000,0x000000d9fad00000)]
  0x000002002a0ca040 JavaThread "Unconstrained build operations Thread 60" [_thread_blocked, id=7460, stack(0x000000d9fad00000,0x000000d9fae00000)]
  0x000002002cbfbb30 JavaThread "Unconstrained build operations Thread 61" [_thread_blocked, id=13180, stack(0x000000d9fae00000,0x000000d9faf00000)]
  0x000002002cbfe680 JavaThread "Unconstrained build operations Thread 62" [_thread_blocked, id=2284, stack(0x000000d9faf00000,0x000000d9fb000000)]
  0x000002002cbfc000 JavaThread "Unconstrained build operations Thread 63" [_thread_blocked, id=10232, stack(0x000000d9fb000000,0x000000d9fb100000)]
  0x000002002cbfe1b0 JavaThread "Unconstrained build operations Thread 64" [_thread_blocked, id=23792, stack(0x000000d9fb100000,0x000000d9fb200000)]
  0x000002002cbff020 JavaThread "Unconstrained build operations Thread 65" [_thread_blocked, id=22044, stack(0x000000d9fb200000,0x000000d9fb300000)]
  0x000002002cbfeb50 JavaThread "Unconstrained build operations Thread 66" [_thread_blocked, id=16192, stack(0x000000d9fb300000,0x000000d9fb400000)]
  0x000002002cbfd340 JavaThread "Unconstrained build operations Thread 67" [_thread_blocked, id=11268, stack(0x000000d9fb400000,0x000000d9fb500000)]
  0x000002002cbff4f0 JavaThread "Unconstrained build operations Thread 68" [_thread_blocked, id=19800, stack(0x000000d9fb500000,0x000000d9fb600000)]
  0x000002002cbfc4d0 JavaThread "Unconstrained build operations Thread 69" [_thread_blocked, id=6000, stack(0x000000d9fb600000,0x000000d9fb700000)]
  0x000002002cbfc9a0 JavaThread "Unconstrained build operations Thread 70" [_thread_blocked, id=19032, stack(0x000000d9fb700000,0x000000d9fb800000)]
  0x000002002cbfce70 JavaThread "Unconstrained build operations Thread 71" [_thread_blocked, id=20044, stack(0x000000d9fb800000,0x000000d9fb900000)]
  0x000002002cbfd810 JavaThread "Unconstrained build operations Thread 72" [_thread_blocked, id=20872, stack(0x000000d9fb900000,0x000000d9fba00000)]
  0x0000020026de4810 JavaThread "Unconstrained build operations Thread 73" [_thread_blocked, id=17968, stack(0x000000d9fba00000,0x000000d9fbb00000)]
  0x0000020026de34d0 JavaThread "Unconstrained build operations Thread 74" [_thread_blocked, id=19748, stack(0x000000d9fbb00000,0x000000d9fbc00000)]
  0x0000020028ece530 JavaThread "Unconstrained build operations Thread 75" [_thread_blocked, id=16244, stack(0x000000d9fbc00000,0x000000d9fbd00000)]
  0x0000020028ecf3a0 JavaThread "Unconstrained build operations Thread 76" [_thread_blocked, id=6572, stack(0x000000d9fbd00000,0x000000d9fbe00000)]
  0x0000020028ecc380 JavaThread "Unconstrained build operations Thread 77" [_thread_blocked, id=8556, stack(0x000000d9fbe00000,0x000000d9fbf00000)]
  0x0000020028ecc850 JavaThread "Unconstrained build operations Thread 78" [_thread_blocked, id=23576, stack(0x000000d9fbf00000,0x000000d9fc000000)]
  0x0000020028eccd20 JavaThread "Unconstrained build operations Thread 79" [_thread_blocked, id=2388, stack(0x000000d9fc000000,0x000000d9fc100000)]
  0x0000020028eceed0 JavaThread "Unconstrained build operations Thread 80" [_thread_blocked, id=7932, stack(0x000000d9fc100000,0x000000d9fc200000)]
  0x000002002a1e1450 JavaThread "build event listener" [_thread_blocked, id=25996, stack(0x000000d9fc200000,0x000000d9fc300000)]
  0x000002002a2065d0 JavaThread "build event listener" [_thread_blocked, id=26020, stack(0x000000d9fc300000,0x000000d9fc400000)]
  0x000002002a205760 JavaThread "build event listener" [_thread_blocked, id=4904, stack(0x000000d9fc800000,0x000000d9fc900000)]
  0x0000020028051d60 JavaThread "included builds" [_thread_blocked, id=5152, stack(0x000000d9fc900000,0x000000d9fca00000)]
  0x0000020025450ec0 JavaThread "Execution worker" [_thread_blocked, id=8948, stack(0x000000d9fca00000,0x000000d9fcb00000)]
  0x0000020025451860 JavaThread "Execution worker Thread 2" [_thread_blocked, id=16724, stack(0x000000d9fcd00000,0x000000d9fce00000)]
  0x0000020025451d30 JavaThread "Execution worker Thread 3" [_thread_blocked, id=9876, stack(0x000000d9fce00000,0x000000d9fcf00000)]
  0x0000020025453070 JavaThread "Execution worker Thread 4" [_thread_blocked, id=27136, stack(0x000000d9fcf00000,0x000000d9fd000000)]
  0x0000020025453a10 JavaThread "Execution worker Thread 5" [_thread_blocked, id=6008, stack(0x000000d9fd000000,0x000000d9fd100000)]
  0x000002002d477610 JavaThread "Execution worker Thread 6" [_thread_blocked, id=19248, stack(0x000000d9fd100000,0x000000d9fd200000)]
  0x000002002d474f90 JavaThread "Execution worker Thread 7" [_thread_blocked, id=15704, stack(0x000000d9fd200000,0x000000d9fd300000)]
  0x000002002ca764b0 JavaThread "Cache worker for execution history cache (C:\Users\macha\Minhasnotas\.gradle\8.0\executionHistory)" [_thread_blocked, id=11388, stack(0x000000d9fd300000,0x000000d9fd400000)]
  0x000002002d475930 JavaThread "WorkerExecutor Queue" [_thread_in_native, id=14944, stack(0x000000d9fd500000,0x000000d9fd600000)]
  0x000002002cbfdce0 JavaThread "RMI RenewClean-[127.0.0.1:17916,org.jetbrains.kotlin.daemon.common.LoopbackNetworkInterface$ClientLoopbackSocketFactory@7f8f383c]" daemon [_thread_blocked, id=15332, stack(0x000000d9fda00000,0x000000d9fdb00000)]
  0x00000200280513c0 JavaThread "RMI TCP Connection(2)-127.0.0.1" daemon [_thread_in_native, id=10840, stack(0x000000d9fdb00000,0x000000d9fdc00000)]
  0x0000020028052230 JavaThread "RMI TCP Connection(3)-127.0.0.1" daemon [_thread_in_native, id=26708, stack(0x000000d9fdc00000,0x000000d9fdd00000)]

Other Threads:
  0x00000200223de010 VMThread "VM Thread" [stack: 0x000000d9f3f00000,0x000000d9f4000000] [id=20564]
  0x0000020022e2c6a0 WatcherThread [stack: 0x000000d9f4b00000,0x000000d9f4c00000] [id=16524]
  0x00000200085c5fc0 GCTaskThread "GC Thread#0" [stack: 0x000000d9f3a00000,0x000000d9f3b00000] [id=20932]
  0x0000020023c49fc0 GCTaskThread "GC Thread#1" [stack: 0x000000d9f4d00000,0x000000d9f4e00000] [id=24232]
  0x0000020023c4e720 GCTaskThread "GC Thread#2" [stack: 0x000000d9f4e00000,0x000000d9f4f00000] [id=24704]
  0x0000020023bbf2c0 GCTaskThread "GC Thread#3" [stack: 0x000000d9f4f00000,0x000000d9f5000000] [id=27052]
  0x0000020023bbfd10 GCTaskThread "GC Thread#4" [stack: 0x000000d9f5000000,0x000000d9f5100000] [id=26412]
  0x0000020023bc03d0 GCTaskThread "GC Thread#5" [stack: 0x000000d9f5100000,0x000000d9f5200000] [id=24220]
  0x0000020025c7aaa0 GCTaskThread "GC Thread#6" [stack: 0x000000d9f5b00000,0x000000d9f5c00000] [id=23832]
  0x0000020025c56710 GCTaskThread "GC Thread#7" [stack: 0x000000d9f5c00000,0x000000d9f5d00000] [id=6180]
  0x00000200085d6f00 ConcurrentGCThread "G1 Main Marker" [stack: 0x000000d9f3b00000,0x000000d9f3c00000] [id=26380]
  0x00000200085d7910 ConcurrentGCThread "G1 Conc#0" [stack: 0x000000d9f3c00000,0x000000d9f3d00000] [id=10852]
  0x0000020025c32370 ConcurrentGCThread "G1 Conc#1" [stack: 0x000000d9f5d00000,0x000000d9f5e00000] [id=172]
  0x000002000862ec50 ConcurrentGCThread "G1 Refine#0" [stack: 0x000000d9f3d00000,0x000000d9f3e00000] [id=25896]
  0x000002002645b0e0 ConcurrentGCThread "G1 Refine#1" [stack: 0x000000d9f6c00000,0x000000d9f6d00000] [id=15448]
  0x00000200254d05b0 ConcurrentGCThread "G1 Refine#2" [stack: 0x000000d9fcb00000,0x000000d9fcc00000] [id=7216]
  0x00000200254d1410 ConcurrentGCThread "G1 Refine#3" [stack: 0x000000d9fcc00000,0x000000d9fcd00000] [id=22888]
  0x00000200222688e0 ConcurrentGCThread "G1 Service" [stack: 0x000000d9f3e00000,0x000000d9f3f00000] [id=22240]

Threads with active compile tasks:
C2 CompilerThread0   469137 17090   !   4       java.io.ObjectOutputStream::writeSerialData (223 bytes)

VM state: not at safepoint (normal execution)

VM Mutex/Monitor currently owned by a thread: None

Heap address: 0x0000000080000000, size: 2048 MB, Compressed Oops mode: 32-bit

CDS archive(s) not mapped
Compressed class space mapped at: 0x0000000100000000-0x0000000140000000, reserved size: 1073741824
Narrow klass base: 0x0000000000000000, Narrow klass shift: 3, Narrow klass range: 0x140000000

GC Precious Log:
 CPUs: 8 total, 8 available
 Memory: 16256M
 Large Page Support: Disabled
 NUMA Support: Disabled
 Compressed Oops: Enabled (32-bit)
 Heap Region Size: 1M
 Heap Min Capacity: 8M
 Heap Initial Capacity: 256M
 Heap Max Capacity: 2G
 Pre-touch: Disabled
 Parallel Workers: 8
 Concurrent Workers: 2
 Concurrent Refinement Workers: 8
 Periodic GC: Disabled

Heap:
 garbage-first heap   total 217088K, used 174597K [0x0000000080000000, 0x0000000100000000)
  region size 1024K, 58 young (59392K), 4 survivors (4096K)
 Metaspace       used 123333K, committed 124288K, reserved 1163264K
  class space    used 17040K, committed 17472K, reserved 1048576K

Heap Regions: E=young(eden), S=young(survivor), O=old, HS=humongous(starts), HC=humongous(continues), CS=collection set, F=free, OA=open archive, CA=closed archive, TAMS=top-at-mark-start (previous, next)
|   0|0x0000000080000000, 0x0000000080100000, 0x0000000080100000|100%|HS|  |TAMS 0x0000000080100000, 0x0000000080000000| Complete 
|   1|0x0000000080100000, 0x0000000080200000, 0x0000000080200000|100%|HC|  |TAMS 0x0000000080200000, 0x0000000080100000| Complete 
|   2|0x0000000080200000, 0x0000000080300000, 0x0000000080300000|100%|HC|  |TAMS 0x0000000080300000, 0x0000000080200000| Complete 
|   3|0x0000000080300000, 0x0000000080400000, 0x0000000080400000|100%|HC|  |TAMS 0x0000000080400000, 0x0000000080300000| Complete 
|   4|0x0000000080400000, 0x0000000080500000, 0x0000000080500000|100%| O|  |TAMS 0x0000000080500000, 0x0000000080400000| Untracked 
|   5|0x0000000080500000, 0x0000000080600000, 0x0000000080600000|100%| O|  |TAMS 0x0000000080600000, 0x0000000080500000| Untracked 
|   6|0x0000000080600000, 0x0000000080700000, 0x0000000080700000|100%| O|  |TAMS 0x0000000080700000, 0x0000000080600000| Untracked 
|   7|0x0000000080700000, 0x0000000080800000, 0x0000000080800000|100%| O|  |TAMS 0x0000000080800000, 0x0000000080700000| Untracked 
|   8|0x0000000080800000, 0x0000000080900000, 0x0000000080900000|100%| O|  |TAMS 0x0000000080900000, 0x0000000080800000| Untracked 
|   9|0x0000000080900000, 0x0000000080a00000, 0x0000000080a00000|100%| O|  |TAMS 0x0000000080a00000, 0x0000000080900000| Untracked 
|  10|0x0000000080a00000, 0x0000000080b00000, 0x0000000080b00000|100%| O|  |TAMS 0x0000000080b00000, 0x0000000080a00000| Untracked 
|  11|0x0000000080b00000, 0x0000000080c00000, 0x0000000080c00000|100%| O|  |TAMS 0x0000000080c00000, 0x0000000080b00000| Untracked 
|  12|0x0000000080c00000, 0x0000000080d00000, 0x0000000080d00000|100%| O|  |TAMS 0x0000000080d00000, 0x0000000080c00000| Untracked 
|  13|0x0000000080d00000, 0x0000000080e00000, 0x0000000080e00000|100%| O|  |TAMS 0x0000000080e00000, 0x0000000080d00000| Untracked 
|  14|0x0000000080e00000, 0x0000000080f00000, 0x0000000080f00000|100%| O|  |TAMS 0x0000000080f00000, 0x0000000080e00000| Untracked 
|  15|0x0000000080f00000, 0x0000000081000000, 0x0000000081000000|100%| O|  |TAMS 0x0000000081000000, 0x0000000080f00000| Untracked 
|  16|0x0000000081000000, 0x0000000081100000, 0x0000000081100000|100%| O|  |TAMS 0x0000000081100000, 0x0000000081000000| Untracked 
|  17|0x0000000081100000, 0x0000000081200000, 0x0000000081200000|100%| O|  |TAMS 0x0000000081200000, 0x0000000081100000| Untracked 
|  18|0x0000000081200000, 0x0000000081300000, 0x0000000081300000|100%| O|  |TAMS 0x0000000081300000, 0x0000000081200000| Untracked 
|  19|0x0000000081300000, 0x0000000081400000, 0x0000000081400000|100%| O|  |TAMS 0x0000000081400000, 0x0000000081300000| Untracked 
|  20|0x0000000081400000, 0x0000000081500000, 0x0000000081500000|100%| O|  |TAMS 0x0000000081500000, 0x0000000081400000| Untracked 
|  21|0x0000000081500000, 0x0000000081600000, 0x0000000081600000|100%| O|  |TAMS 0x0000000081600000, 0x0000000081500000| Untracked 
|  22|0x0000000081600000, 0x0000000081700000, 0x0000000081700000|100%| O|  |TAMS 0x0000000081700000, 0x0000000081600000| Untracked 
|  23|0x0000000081700000, 0x0000000081800000, 0x0000000081800000|100%| O|  |TAMS 0x0000000081800000, 0x0000000081700000| Untracked 
|  24|0x0000000081800000, 0x0000000081900000, 0x0000000081900000|100%| O|  |TAMS 0x0000000081900000, 0x0000000081800000| Untracked 
|  25|0x0000000081900000, 0x0000000081a00000, 0x0000000081a00000|100%| O|  |TAMS 0x0000000081a00000, 0x0000000081900000| Untracked 
|  26|0x0000000081a00000, 0x0000000081b00000, 0x0000000081b00000|100%| O|  |TAMS 0x0000000081b00000, 0x0000000081a00000| Untracked 
|  27|0x0000000081b00000, 0x0000000081c00000, 0x0000000081c00000|100%| O|  |TAMS 0x0000000081c00000, 0x0000000081b00000| Complete 
|  28|0x0000000081c00000, 0x0000000081d00000, 0x0000000081d00000|100%| O|  |TAMS 0x0000000081d00000, 0x0000000081c00000| Untracked 
|  29|0x0000000081d00000, 0x0000000081e00000, 0x0000000081e00000|100%| O|  |TAMS 0x0000000081e00000, 0x0000000081d00000| Untracked 
|  30|0x0000000081e00000, 0x0000000081f00000, 0x0000000081f00000|100%| O|  |TAMS 0x0000000081f00000, 0x0000000081e00000| Untracked 
|  31|0x0000000081f00000, 0x0000000082000000, 0x0000000082000000|100%| O|  |TAMS 0x0000000082000000, 0x0000000081f00000| Untracked 
|  32|0x0000000082000000, 0x0000000082100000, 0x0000000082100000|100%| O|  |TAMS 0x0000000082100000, 0x0000000082000000| Untracked 
|  33|0x0000000082100000, 0x0000000082200000, 0x0000000082200000|100%| O|  |TAMS 0x0000000082200000, 0x0000000082100000| Untracked 
|  34|0x0000000082200000, 0x0000000082200000, 0x0000000082300000|  0%| F|  |TAMS 0x0000000082200000, 0x0000000082200000| Untracked 
|  35|0x0000000082300000, 0x0000000082400000, 0x0000000082400000|100%| O|  |TAMS 0x0000000082400000, 0x0000000082300000| Untracked 
|  36|0x0000000082400000, 0x0000000082400000, 0x0000000082500000|  0%| F|  |TAMS 0x0000000082400000, 0x0000000082400000| Untracked 
|  37|0x0000000082500000, 0x0000000082600000, 0x0000000082600000|100%|HS|  |TAMS 0x0000000082600000, 0x0000000082500000| Complete 
|  38|0x0000000082600000, 0x0000000082700000, 0x0000000082700000|100%|HS|  |TAMS 0x0000000082700000, 0x0000000082600000| Complete 
|  39|0x0000000082700000, 0x0000000082800000, 0x0000000082800000|100%|HS|  |TAMS 0x0000000082800000, 0x0000000082700000| Complete 
|  40|0x0000000082800000, 0x0000000082900000, 0x0000000082900000|100%|HC|  |TAMS 0x0000000082900000, 0x0000000082800000| Complete 
|  41|0x0000000082900000, 0x0000000082a00000, 0x0000000082a00000|100%|HS|  |TAMS 0x0000000082a00000, 0x0000000082900000| Complete 
|  42|0x0000000082a00000, 0x0000000082b00000, 0x0000000082b00000|100%| O|  |TAMS 0x0000000082b00000, 0x0000000082a00000| Untracked 
|  43|0x0000000082b00000, 0x0000000082c00000, 0x0000000082c00000|100%|HS|  |TAMS 0x0000000082c00000, 0x0000000082b00000| Complete 
|  44|0x0000000082c00000, 0x0000000082d00000, 0x0000000082d00000|100%|HC|  |TAMS 0x0000000082d00000, 0x0000000082c00000| Complete 
|  45|0x0000000082d00000, 0x0000000082e00000, 0x0000000082e00000|100%|HC|  |TAMS 0x0000000082e00000, 0x0000000082d00000| Complete 
|  46|0x0000000082e00000, 0x0000000082f00000, 0x0000000082f00000|100%|HC|  |TAMS 0x0000000082f00000, 0x0000000082e00000| Complete 
|  47|0x0000000082f00000, 0x0000000083000000, 0x0000000083000000|100%| O|  |TAMS 0x0000000083000000, 0x0000000082f00000| Untracked 
|  48|0x0000000083000000, 0x0000000083100000, 0x0000000083100000|100%| O|  |TAMS 0x0000000083100000, 0x0000000083000000| Untracked 
|  49|0x0000000083100000, 0x0000000083200000, 0x0000000083200000|100%| O|  |TAMS 0x0000000083200000, 0x0000000083100000| Untracked 
|  50|0x0000000083200000, 0x0000000083300000, 0x0000000083300000|100%| O|  |TAMS 0x0000000083300000, 0x0000000083200000| Untracked 
|  51|0x0000000083300000, 0x0000000083400000, 0x0000000083400000|100%| O|  |TAMS 0x0000000083400000, 0x0000000083300000| Untracked 
|  52|0x0000000083400000, 0x0000000083500000, 0x0000000083500000|100%| O|  |TAMS 0x0000000083500000, 0x0000000083400000| Untracked 
|  53|0x0000000083500000, 0x0000000083600000, 0x0000000083600000|100%| O|  |TAMS 0x0000000083600000, 0x0000000083500000| Untracked 
|  54|0x0000000083600000, 0x0000000083700000, 0x0000000083700000|100%| O|  |TAMS 0x0000000083700000, 0x0000000083600000| Untracked 
|  55|0x0000000083700000, 0x0000000083800000, 0x0000000083800000|100%| O|  |TAMS 0x0000000083800000, 0x0000000083700000| Untracked 
|  56|0x0000000083800000, 0x0000000083900000, 0x0000000083900000|100%| O|  |TAMS 0x0000000083900000, 0x0000000083800000| Untracked 
|  57|0x0000000083900000, 0x0000000083a00000, 0x0000000083a00000|100%| O|  |TAMS 0x0000000083a00000, 0x0000000083900000| Complete 
|  58|0x0000000083a00000, 0x0000000083b00000, 0x0000000083b00000|100%| O|  |TAMS 0x0000000083b00000, 0x0000000083a00000| Untracked 
|  59|0x0000000083b00000, 0x0000000083c00000, 0x0000000083c00000|100%| O|  |TAMS 0x0000000083c00000, 0x0000000083b00000| Untracked 
|  60|0x0000000083c00000, 0x0000000083d00000, 0x0000000083d00000|100%| O|  |TAMS 0x0000000083d00000, 0x0000000083c00000| Untracked 
|  61|0x0000000083d00000, 0x0000000083e00000, 0x0000000083e00000|100%| O|  |TAMS 0x0000000083e00000, 0x0000000083d00000| Untracked 
|  62|0x0000000083e00000, 0x0000000083f00000, 0x0000000083f00000|100%| O|  |TAMS 0x0000000083f00000, 0x0000000083e00000| Untracked 
|  63|0x0000000083f00000, 0x0000000084000000, 0x0000000084000000|100%| O|  |TAMS 0x0000000084000000, 0x0000000083f00000| Untracked 
|  64|0x0000000084000000, 0x0000000084100000, 0x0000000084100000|100%| O|  |TAMS 0x0000000084100000, 0x0000000084000000| Untracked 
|  65|0x0000000084100000, 0x0000000084200000, 0x0000000084200000|100%| O|  |TAMS 0x0000000084200000, 0x0000000084100000| Untracked 
|  66|0x0000000084200000, 0x0000000084300000, 0x0000000084300000|100%| O|  |TAMS 0x0000000084300000, 0x0000000084200000| Untracked 
|  67|0x0000000084300000, 0x0000000084400000, 0x0000000084400000|100%| O|  |TAMS 0x0000000084400000, 0x0000000084300000| Untracked 
|  68|0x0000000084400000, 0x0000000084500000, 0x0000000084500000|100%| O|  |TAMS 0x0000000084500000, 0x0000000084400000| Untracked 
|  69|0x0000000084500000, 0x0000000084600000, 0x0000000084600000|100%| O|  |TAMS 0x0000000084600000, 0x0000000084500000| Untracked 
|  70|0x0000000084600000, 0x0000000084600000, 0x0000000084700000|  0%| F|  |TAMS 0x0000000084600000, 0x0000000084600000| Untracked 
|  71|0x0000000084700000, 0x0000000084700000, 0x0000000084800000|  0%| F|  |TAMS 0x0000000084700000, 0x0000000084700000| Untracked 
|  72|0x0000000084800000, 0x0000000084900000, 0x0000000084900000|100%| O|  |TAMS 0x0000000084900000, 0x0000000084800000| Untracked 
|  73|0x0000000084900000, 0x0000000084a00000, 0x0000000084a00000|100%| O|  |TAMS 0x0000000084a00000, 0x0000000084900000| Untracked 
|  74|0x0000000084a00000, 0x0000000084b00000, 0x0000000084b00000|100%| O|  |TAMS 0x0000000084b00000, 0x0000000084a00000| Untracked 
|  75|0x0000000084b00000, 0x0000000084c00000, 0x0000000084c00000|100%| O|  |TAMS 0x0000000084c00000, 0x0000000084b00000| Untracked 
|  76|0x0000000084c00000, 0x0000000084d00000, 0x0000000084d00000|100%| O|  |TAMS 0x0000000084d00000, 0x0000000084c00000| Untracked 
|  77|0x0000000084d00000, 0x0000000084e00000, 0x0000000084e00000|100%| O|  |TAMS 0x0000000084e00000, 0x0000000084d00000| Untracked 
|  78|0x0000000084e00000, 0x0000000084f00000, 0x0000000084f00000|100%| O|  |TAMS 0x0000000084f00000, 0x0000000084e00000| Untracked 
|  79|0x0000000084f00000, 0x0000000085000000, 0x0000000085000000|100%| O|  |TAMS 0x0000000085000000, 0x0000000084f00000| Untracked 
|  80|0x0000000085000000, 0x0000000085100000, 0x0000000085100000|100%| O|  |TAMS 0x0000000085100000, 0x0000000085000000| Untracked 
|  81|0x0000000085100000, 0x0000000085200000, 0x0000000085200000|100%| O|  |TAMS 0x0000000085200000, 0x0000000085100000| Untracked 
|  82|0x0000000085200000, 0x0000000085300000, 0x0000000085300000|100%| O|  |TAMS 0x0000000085300000, 0x0000000085200000| Untracked 
|  83|0x0000000085300000, 0x0000000085400000, 0x0000000085400000|100%| O|  |TAMS 0x0000000085400000, 0x0000000085300000| Complete 
|  84|0x0000000085400000, 0x0000000085500000, 0x0000000085500000|100%| O|  |TAMS 0x0000000085500000, 0x0000000085400000| Untracked 
|  85|0x0000000085500000, 0x0000000085600000, 0x0000000085600000|100%| O|  |TAMS 0x0000000085600000, 0x0000000085500000| Complete 
|  86|0x0000000085600000, 0x0000000085600000, 0x0000000085700000|  0%| F|  |TAMS 0x0000000085600000, 0x0000000085600000| Untracked 
|  87|0x0000000085700000, 0x0000000085700000, 0x0000000085800000|  0%| F|  |TAMS 0x0000000085700000, 0x0000000085700000| Untracked 
|  88|0x0000000085800000, 0x0000000085800000, 0x0000000085900000|  0%| F|  |TAMS 0x0000000085800000, 0x0000000085800000| Untracked 
|  89|0x0000000085900000, 0x0000000085900000, 0x0000000085a00000|  0%| F|  |TAMS 0x0000000085900000, 0x0000000085900000| Untracked 
|  90|0x0000000085a00000, 0x0000000085b00000, 0x0000000085b00000|100%| O|  |TAMS 0x0000000085b00000, 0x0000000085a00000| Untracked 
|  91|0x0000000085b00000, 0x0000000085c00000, 0x0000000085c00000|100%| O|  |TAMS 0x0000000085c00000, 0x0000000085b00000| Untracked 
|  92|0x0000000085c00000, 0x0000000085d00000, 0x0000000085d00000|100%| O|  |TAMS 0x0000000085d00000, 0x0000000085c00000| Untracked 
|  93|0x0000000085d00000, 0x0000000085e00000, 0x0000000085e00000|100%| O|  |TAMS 0x0000000085e00000, 0x0000000085d00000| Untracked 
|  94|0x0000000085e00000, 0x0000000085f00000, 0x0000000085f00000|100%| O|  |TAMS 0x0000000085f00000, 0x0000000085e00000| Untracked 
|  95|0x0000000085f00000, 0x0000000086000000, 0x0000000086000000|100%| O|  |TAMS 0x0000000086000000, 0x0000000085f00000| Untracked 
|  96|0x0000000086000000, 0x0000000086100000, 0x0000000086100000|100%| O|  |TAMS 0x0000000086100000, 0x0000000086000000| Untracked 
|  97|0x0000000086100000, 0x0000000086200000, 0x0000000086200000|100%| O|  |TAMS 0x0000000086200000, 0x0000000086100000| Untracked 
|  98|0x0000000086200000, 0x0000000086300000, 0x0000000086300000|100%| O|  |TAMS 0x0000000086300000, 0x0000000086200000| Untracked 
|  99|0x0000000086300000, 0x0000000086400000, 0x0000000086400000|100%| O|  |TAMS 0x0000000086400000, 0x0000000086300000| Untracked 
| 100|0x0000000086400000, 0x0000000086500000, 0x0000000086500000|100%| O|  |TAMS 0x0000000086500000, 0x0000000086400000| Untracked 
| 101|0x0000000086500000, 0x0000000086600000, 0x0000000086600000|100%| O|  |TAMS 0x0000000086600000, 0x0000000086500000| Untracked 
| 102|0x0000000086600000, 0x0000000086700000, 0x0000000086700000|100%| O|  |TAMS 0x0000000086700000, 0x0000000086600000| Untracked 
| 103|0x0000000086700000, 0x0000000086800000, 0x0000000086800000|100%| O|  |TAMS 0x0000000086800000, 0x0000000086700000| Untracked 
| 104|0x0000000086800000, 0x0000000086900000, 0x0000000086900000|100%| O|  |TAMS 0x0000000086900000, 0x0000000086800000| Untracked 
| 105|0x0000000086900000, 0x0000000086a00000, 0x0000000086a00000|100%| O|  |TAMS 0x0000000086a00000, 0x0000000086900000| Untracked 
| 106|0x0000000086a00000, 0x0000000086a00000, 0x0000000086b00000|  0%| F|  |TAMS 0x0000000086a00000, 0x0000000086a00000| Untracked 
| 107|0x0000000086b00000, 0x0000000086c00000, 0x0000000086c00000|100%| O|  |TAMS 0x0000000086c00000, 0x0000000086b00000| Untracked 
| 108|0x0000000086c00000, 0x0000000086d00000, 0x0000000086d00000|100%| O|  |TAMS 0x0000000086d00000, 0x0000000086c00000| Complete 
| 109|0x0000000086d00000, 0x0000000086e00000, 0x0000000086e00000|100%| O|  |TAMS 0x0000000086e00000, 0x0000000086d00000| Untracked 
| 110|0x0000000086e00000, 0x0000000086f00000, 0x0000000086f00000|100%| O|  |TAMS 0x0000000086f00000, 0x0000000086e00000| Untracked 
| 111|0x0000000086f00000, 0x0000000087000000, 0x0000000087000000|100%| O|  |TAMS 0x0000000087000000, 0x0000000086f00000| Untracked 
| 112|0x0000000087000000, 0x0000000087100000, 0x0000000087100000|100%| O|  |TAMS 0x0000000087100000, 0x0000000087000000| Untracked 
| 113|0x0000000087100000, 0x0000000087200000, 0x0000000087200000|100%| O|  |TAMS 0x0000000087200000, 0x0000000087100000| Untracked 
| 114|0x0000000087200000, 0x0000000087300000, 0x0000000087300000|100%| O|  |TAMS 0x0000000087300000, 0x0000000087200000| Untracked 
| 115|0x0000000087300000, 0x0000000087400000, 0x0000000087400000|100%| O|  |TAMS 0x0000000087400000, 0x0000000087300000| Untracked 
| 116|0x0000000087400000, 0x0000000087500000, 0x0000000087500000|100%| O|  |TAMS 0x0000000087500000, 0x0000000087400000| Untracked 
| 117|0x0000000087500000, 0x0000000087600000, 0x0000000087600000|100%| O|  |TAMS 0x0000000087600000, 0x0000000087500000| Untracked 
| 118|0x0000000087600000, 0x0000000087700000, 0x0000000087700000|100%| O|  |TAMS 0x0000000087700000, 0x0000000087600000| Untracked 
| 119|0x0000000087700000, 0x0000000087800000, 0x0000000087800000|100%| O|  |TAMS 0x0000000087800000, 0x0000000087700000| Untracked 
| 120|0x0000000087800000, 0x0000000087900000, 0x0000000087900000|100%| O|  |TAMS 0x0000000087900000, 0x0000000087800000| Untracked 
| 121|0x0000000087900000, 0x0000000087900000, 0x0000000087a00000|  0%| F|  |TAMS 0x0000000087900000, 0x0000000087900000| Untracked 
| 122|0x0000000087a00000, 0x0000000087b00000, 0x0000000087b00000|100%| O|  |TAMS 0x0000000087b00000, 0x0000000087a00000| Untracked 
| 123|0x0000000087b00000, 0x0000000087b00000, 0x0000000087c00000|  0%| F|  |TAMS 0x0000000087b00000, 0x0000000087b00000| Untracked 
| 124|0x0000000087c00000, 0x0000000087c00000, 0x0000000087d00000|  0%| F|  |TAMS 0x0000000087c00000, 0x0000000087c00000| Untracked 
| 125|0x0000000087d00000, 0x0000000087e00000, 0x0000000087e00000|100%| O|  |TAMS 0x0000000087e00000, 0x0000000087d00000| Untracked 
| 126|0x0000000087e00000, 0x0000000087e83a00, 0x0000000087f00000| 51%| O|  |TAMS 0x0000000087e83808, 0x0000000087e00000| Untracked 
| 127|0x0000000087f00000, 0x0000000087f00000, 0x0000000088000000|  0%| F|  |TAMS 0x0000000087f00000, 0x0000000087f00000| Untracked 
| 128|0x0000000088000000, 0x0000000088000000, 0x0000000088100000|  0%| F|  |TAMS 0x0000000088000000, 0x0000000088000000| Untracked 
| 129|0x0000000088100000, 0x0000000088100000, 0x0000000088200000|  0%| F|  |TAMS 0x0000000088100000, 0x0000000088100000| Untracked 
| 130|0x0000000088200000, 0x0000000088200000, 0x0000000088300000|  0%| F|  |TAMS 0x0000000088200000, 0x0000000088200000| Untracked 
| 131|0x0000000088300000, 0x0000000088300000, 0x0000000088400000|  0%| F|  |TAMS 0x0000000088300000, 0x0000000088300000| Untracked 
| 132|0x0000000088400000, 0x0000000088400000, 0x0000000088500000|  0%| F|  |TAMS 0x0000000088400000, 0x0000000088400000| Untracked 
| 133|0x0000000088500000, 0x0000000088500000, 0x0000000088600000|  0%| F|  |TAMS 0x0000000088500000, 0x0000000088500000| Untracked 
| 134|0x0000000088600000, 0x0000000088600000, 0x0000000088700000|  0%| F|  |TAMS 0x0000000088600000, 0x0000000088600000| Untracked 
| 135|0x0000000088700000, 0x0000000088700000, 0x0000000088800000|  0%| F|  |TAMS 0x0000000088700000, 0x0000000088700000| Untracked 
| 136|0x0000000088800000, 0x0000000088800000, 0x0000000088900000|  0%| F|  |TAMS 0x0000000088800000, 0x0000000088800000| Untracked 
| 137|0x0000000088900000, 0x0000000088900000, 0x0000000088a00000|  0%| F|  |TAMS 0x0000000088900000, 0x0000000088900000| Untracked 
| 138|0x0000000088a00000, 0x0000000088a00000, 0x0000000088b00000|  0%| F|  |TAMS 0x0000000088a00000, 0x0000000088a00000| Untracked 
| 139|0x0000000088b00000, 0x0000000088b00000, 0x0000000088c00000|  0%| F|  |TAMS 0x0000000088b00000, 0x0000000088b00000| Untracked 
| 140|0x0000000088c00000, 0x0000000088c00000, 0x0000000088d00000|  0%| F|  |TAMS 0x0000000088c00000, 0x0000000088c00000| Untracked 
| 141|0x0000000088d00000, 0x0000000088d00000, 0x0000000088e00000|  0%| F|  |TAMS 0x0000000088d00000, 0x0000000088d00000| Untracked 
| 142|0x0000000088e00000, 0x0000000088e00000, 0x0000000088f00000|  0%| F|  |TAMS 0x0000000088e00000, 0x0000000088e00000| Untracked 
| 143|0x0000000088f00000, 0x0000000088f00000, 0x0000000089000000|  0%| F|  |TAMS 0x0000000088f00000, 0x0000000088f00000| Untracked 
| 144|0x0000000089000000, 0x0000000089000000, 0x0000000089100000|  0%| F|  |TAMS 0x0000000089000000, 0x0000000089000000| Untracked 
| 145|0x0000000089100000, 0x0000000089100000, 0x0000000089200000|  0%| F|  |TAMS 0x0000000089100000, 0x0000000089100000| Untracked 
| 146|0x0000000089200000, 0x0000000089200000, 0x0000000089300000|  0%| F|  |TAMS 0x0000000089200000, 0x0000000089200000| Untracked 
| 147|0x0000000089300000, 0x00000000893fdab0, 0x0000000089400000| 99%| S|CS|TAMS 0x0000000089300000, 0x0000000089300000| Complete 
| 148|0x0000000089400000, 0x0000000089500000, 0x0000000089500000|100%| S|CS|TAMS 0x0000000089400000, 0x0000000089400000| Complete 
| 149|0x0000000089500000, 0x0000000089600000, 0x0000000089600000|100%| S|CS|TAMS 0x0000000089500000, 0x0000000089500000| Complete 
| 150|0x0000000089600000, 0x0000000089700000, 0x0000000089700000|100%| S|CS|TAMS 0x0000000089600000, 0x0000000089600000| Complete 
| 151|0x0000000089700000, 0x0000000089700000, 0x0000000089800000|  0%| F|  |TAMS 0x0000000089700000, 0x0000000089700000| Untracked 
| 152|0x0000000089800000, 0x0000000089800000, 0x0000000089900000|  0%| F|  |TAMS 0x0000000089800000, 0x0000000089800000| Untracked 
| 153|0x0000000089900000, 0x0000000089900000, 0x0000000089a00000|  0%| F|  |TAMS 0x0000000089900000, 0x0000000089900000| Untracked 
| 154|0x0000000089a00000, 0x0000000089a00000, 0x0000000089b00000|  0%| F|  |TAMS 0x0000000089a00000, 0x0000000089a00000| Untracked 
| 155|0x0000000089b00000, 0x0000000089b00000, 0x0000000089c00000|  0%| F|  |TAMS 0x0000000089b00000, 0x0000000089b00000| Untracked 
| 156|0x0000000089c00000, 0x0000000089c00000, 0x0000000089d00000|  0%| F|  |TAMS 0x0000000089c00000, 0x0000000089c00000| Untracked 
| 157|0x0000000089d00000, 0x0000000089d00000, 0x0000000089e00000|  0%| F|  |TAMS 0x0000000089d00000, 0x0000000089d00000| Untracked 
| 158|0x0000000089e00000, 0x0000000089eb0910, 0x0000000089f00000| 68%| E|  |TAMS 0x0000000089e00000, 0x0000000089e00000| Complete 
| 159|0x0000000089f00000, 0x000000008a000000, 0x000000008a000000|100%| E|CS|TAMS 0x0000000089f00000, 0x0000000089f00000| Complete 
| 160|0x000000008a000000, 0x000000008a100000, 0x000000008a100000|100%| E|CS|TAMS 0x000000008a000000, 0x000000008a000000| Complete 
| 161|0x000000008a100000, 0x000000008a200000, 0x000000008a200000|100%| E|CS|TAMS 0x000000008a100000, 0x000000008a100000| Complete 
| 162|0x000000008a200000, 0x000000008a300000, 0x000000008a300000|100%| E|CS|TAMS 0x000000008a200000, 0x000000008a200000| Complete 
| 163|0x000000008a300000, 0x000000008a400000, 0x000000008a400000|100%| E|CS|TAMS 0x000000008a300000, 0x000000008a300000| Complete 
| 164|0x000000008a400000, 0x000000008a500000, 0x000000008a500000|100%| E|CS|TAMS 0x000000008a400000, 0x000000008a400000| Complete 
| 165|0x000000008a500000, 0x000000008a600000, 0x000000008a600000|100%| E|CS|TAMS 0x000000008a500000, 0x000000008a500000| Complete 
| 166|0x000000008a600000, 0x000000008a700000, 0x000000008a700000|100%| E|CS|TAMS 0x000000008a600000, 0x000000008a600000| Complete 
| 167|0x000000008a700000, 0x000000008a800000, 0x000000008a800000|100%| E|CS|TAMS 0x000000008a700000, 0x000000008a700000| Complete 
| 168|0x000000008a800000, 0x000000008a900000, 0x000000008a900000|100%| E|  |TAMS 0x000000008a800000, 0x000000008a800000| Complete 
| 169|0x000000008a900000, 0x000000008aa00000, 0x000000008aa00000|100%| E|CS|TAMS 0x000000008a900000, 0x000000008a900000| Complete 
| 170|0x000000008aa00000, 0x000000008ab00000, 0x000000008ab00000|100%| E|CS|TAMS 0x000000008aa00000, 0x000000008aa00000| Complete 
| 171|0x000000008ab00000, 0x000000008ac00000, 0x000000008ac00000|100%| E|CS|TAMS 0x000000008ab00000, 0x000000008ab00000| Complete 
| 172|0x000000008ac00000, 0x000000008ad00000, 0x000000008ad00000|100%| E|CS|TAMS 0x000000008ac00000, 0x000000008ac00000| Complete 
| 173|0x000000008ad00000, 0x000000008ae00000, 0x000000008ae00000|100%| E|CS|TAMS 0x000000008ad00000, 0x000000008ad00000| Complete 
| 174|0x000000008ae00000, 0x000000008af00000, 0x000000008af00000|100%| E|CS|TAMS 0x000000008ae00000, 0x000000008ae00000| Complete 
| 175|0x000000008af00000, 0x000000008b000000, 0x000000008b000000|100%| E|CS|TAMS 0x000000008af00000, 0x000000008af00000| Complete 
| 176|0x000000008b000000, 0x000000008b100000, 0x000000008b100000|100%| E|CS|TAMS 0x000000008b000000, 0x000000008b000000| Complete 
| 177|0x000000008b100000, 0x000000008b200000, 0x000000008b200000|100%| E|CS|TAMS 0x000000008b100000, 0x000000008b100000| Complete 
| 178|0x000000008b200000, 0x000000008b300000, 0x000000008b300000|100%| E|CS|TAMS 0x000000008b200000, 0x000000008b200000| Complete 
| 179|0x000000008b300000, 0x000000008b400000, 0x000000008b400000|100%| E|CS|TAMS 0x000000008b300000, 0x000000008b300000| Complete 
| 180|0x000000008b400000, 0x000000008b500000, 0x000000008b500000|100%| E|CS|TAMS 0x000000008b400000, 0x000000008b400000| Complete 
| 181|0x000000008b500000, 0x000000008b600000, 0x000000008b600000|100%| E|CS|TAMS 0x000000008b500000, 0x000000008b500000| Complete 
| 182|0x000000008b600000, 0x000000008b700000, 0x000000008b700000|100%| E|CS|TAMS 0x000000008b600000, 0x000000008b600000| Complete 
| 183|0x000000008b700000, 0x000000008b800000, 0x000000008b800000|100%| E|CS|TAMS 0x000000008b700000, 0x000000008b700000| Complete 
| 184|0x000000008b800000, 0x000000008b900000, 0x000000008b900000|100%| E|CS|TAMS 0x000000008b800000, 0x000000008b800000| Complete 
| 185|0x000000008b900000, 0x000000008ba00000, 0x000000008ba00000|100%| E|CS|TAMS 0x000000008b900000, 0x000000008b900000| Complete 
| 186|0x000000008ba00000, 0x000000008bb00000, 0x000000008bb00000|100%| E|CS|TAMS 0x000000008ba00000, 0x000000008ba00000| Complete 
| 187|0x000000008bb00000, 0x000000008bc00000, 0x000000008bc00000|100%| E|CS|TAMS 0x000000008bb00000, 0x000000008bb00000| Complete 
| 188|0x000000008bc00000, 0x000000008bd00000, 0x000000008bd00000|100%| E|CS|TAMS 0x000000008bc00000, 0x000000008bc00000| Complete 
| 189|0x000000008bd00000, 0x000000008be00000, 0x000000008be00000|100%| E|CS|TAMS 0x000000008bd00000, 0x000000008bd00000| Complete 
| 190|0x000000008be00000, 0x000000008bf00000, 0x000000008bf00000|100%| E|CS|TAMS 0x000000008be00000, 0x000000008be00000| Complete 
| 191|0x000000008bf00000, 0x000000008c000000, 0x000000008c000000|100%| E|CS|TAMS 0x000000008bf00000, 0x000000008bf00000| Complete 
| 192|0x000000008c000000, 0x000000008c100000, 0x000000008c100000|100%| E|CS|TAMS 0x000000008c000000, 0x000000008c000000| Complete 
| 193|0x000000008c100000, 0x000000008c200000, 0x000000008c200000|100%| E|CS|TAMS 0x000000008c100000, 0x000000008c100000| Complete 
| 194|0x000000008c200000, 0x000000008c300000, 0x000000008c300000|100%| E|CS|TAMS 0x000000008c200000, 0x000000008c200000| Complete 
| 195|0x000000008c300000, 0x000000008c400000, 0x000000008c400000|100%| E|CS|TAMS 0x000000008c300000, 0x000000008c300000| Complete 
| 196|0x000000008c400000, 0x000000008c500000, 0x000000008c500000|100%| E|CS|TAMS 0x000000008c400000, 0x000000008c400000| Complete 
| 197|0x000000008c500000, 0x000000008c600000, 0x000000008c600000|100%| E|CS|TAMS 0x000000008c500000, 0x000000008c500000| Complete 
| 198|0x000000008c600000, 0x000000008c700000, 0x000000008c700000|100%| E|CS|TAMS 0x000000008c600000, 0x000000008c600000| Complete 
| 199|0x000000008c700000, 0x000000008c800000, 0x000000008c800000|100%| E|CS|TAMS 0x000000008c700000, 0x000000008c700000| Complete 
| 200|0x000000008c800000, 0x000000008c900000, 0x000000008c900000|100%| E|CS|TAMS 0x000000008c800000, 0x000000008c800000| Complete 
| 201|0x000000008c900000, 0x000000008ca00000, 0x000000008ca00000|100%| E|CS|TAMS 0x000000008c900000, 0x000000008c900000| Complete 
| 202|0x000000008ca00000, 0x000000008cb00000, 0x000000008cb00000|100%| E|CS|TAMS 0x000000008ca00000, 0x000000008ca00000| Complete 
| 206|0x000000008ce00000, 0x000000008cf00000, 0x000000008cf00000|100%| E|CS|TAMS 0x000000008ce00000, 0x000000008ce00000| Complete 
| 207|0x000000008cf00000, 0x000000008d000000, 0x000000008d000000|100%| E|CS|TAMS 0x000000008cf00000, 0x000000008cf00000| Complete 
| 208|0x000000008d000000, 0x000000008d100000, 0x000000008d100000|100%| E|CS|TAMS 0x000000008d000000, 0x000000008d000000| Complete 
| 209|0x000000008d100000, 0x000000008d200000, 0x000000008d200000|100%| E|CS|TAMS 0x000000008d100000, 0x000000008d100000| Complete 
| 210|0x000000008d200000, 0x000000008d300000, 0x000000008d300000|100%| E|CS|TAMS 0x000000008d200000, 0x000000008d200000| Complete 
| 211|0x000000008d300000, 0x000000008d400000, 0x000000008d400000|100%| E|CS|TAMS 0x000000008d300000, 0x000000008d300000| Complete 
| 212|0x000000008d400000, 0x000000008d500000, 0x000000008d500000|100%| E|CS|TAMS 0x000000008d400000, 0x000000008d400000| Complete 
| 213|0x000000008d500000, 0x000000008d600000, 0x000000008d600000|100%| E|CS|TAMS 0x000000008d500000, 0x000000008d500000| Complete 
| 255|0x000000008ff00000, 0x0000000090000000, 0x0000000090000000|100%| E|CS|TAMS 0x000000008ff00000, 0x000000008ff00000| Complete 

Card table byte_map: [0x000002001b160000,0x000002001b560000] _byte_map_base: 0x000002001ad60000

Marking Bits (Prev, Next): (CMBitMap*) 0x00000200085c65d0, (CMBitMap*) 0x00000200085c6610
 Prev Bits: [0x000002001b960000, 0x000002001d960000)
 Next Bits: [0x000002001d960000, 0x000002001f960000)

Polling page: 0x0000020007d30000

Metaspace:

Usage:
  Non-class:    103.80 MB used.
      Class:     16.64 MB used.
       Both:    120.44 MB used.

Virtual space:
  Non-class space:      112.00 MB reserved,     104.31 MB ( 93%) committed,  14 nodes.
      Class space:        1.00 GB reserved,      17.06 MB (  2%) committed,  1 nodes.
             Both:        1.11 GB reserved,     121.38 MB ( 11%) committed. 

Chunk freelists:
   Non-Class:  3.28 MB
       Class:  2.88 MB
        Both:  6.17 MB

MaxMetaspaceSize: unlimited
CompressedClassSpaceSize: 1.00 GB
Initial GC threshold: 21.00 MB
Current GC threshold: 201.56 MB
CDS: off
MetaspaceReclaimPolicy: balanced
 - commit_granule_bytes: 65536.
 - commit_granule_words: 8192.
 - virtual_space_node_default_size: 1048576.
 - enlarge_chunks_in_place: 1.
 - new_chunks_are_fully_committed: 0.
 - uncommit_free_chunks: 1.
 - use_allocation_guard: 0.
 - handle_deallocations: 1.


Internal statistics:

num_allocs_failed_limit: 18.
num_arena_births: 1628.
num_arena_deaths: 18.
num_vsnodes_births: 15.
num_vsnodes_deaths: 0.
num_space_committed: 1941.
num_space_uncommitted: 0.
num_chunks_returned_to_freelist: 43.
num_chunks_taken_from_freelist: 6432.
num_chunk_merges: 27.
num_chunk_splits: 4204.
num_chunks_enlarged: 2729.
num_purges: 4.
num_inconsistent_stats: 0.

CodeHeap 'non-profiled nmethods': size=120000Kb used=9101Kb max_used=9101Kb free=110898Kb
 bounds [0x0000020013500000, 0x0000020013df0000, 0x000002001aa30000]
CodeHeap 'profiled nmethods': size=120000Kb used=28078Kb max_used=28078Kb free=91921Kb
 bounds [0x000002000ba30000, 0x000002000d5a0000, 0x0000020012f60000]
CodeHeap 'non-nmethods': size=5760Kb used=2461Kb max_used=2593Kb free=3298Kb
 bounds [0x0000020012f60000, 0x0000020013210000, 0x0000020013500000]
 total_blobs=15328 nmethods=14317 adapters=923
 compilation: enabled
              stopped_count=0, restarted_count=0
 full_count=0

Compilation events (20 events):
Event: 468.417 Thread 0x0000020022c7ff10 17131       3       org.gradle.internal.watch.registry.impl.AbstractFileWatcherUpdater::triggerWatchProbe (11 bytes)
Event: 468.417 Thread 0x0000020022c7ff10 nmethod 17131 0x000002000d599c10 code [0x000002000d599dc0, 0x000002000d599f48]
Event: 468.417 Thread 0x0000020022c7ff10 17132       3       org.gradle.internal.watch.registry.impl.DefaultFileWatcherProbeRegistry::triggerWatchProbe (37 bytes)
Event: 468.417 Thread 0x0000020022c7ff10 nmethod 17132 0x000002000d59a090 code [0x000002000d59a280, 0x000002000d59a6a8]
Event: 468.420 Thread 0x0000020022c7ff10 17133       3       org.gradle.launcher.daemon.server.exec.DaemonConnectionBackedEventConsumer::dispatch (12 bytes)
Event: 468.421 Thread 0x0000020022c7ff10 nmethod 17133 0x000002000d59a810 code [0x000002000d59a9c0, 0x000002000d59ab88]
Event: 468.421 Thread 0x0000020022c7ff10 17134   !   3       org.gradle.launcher.daemon.server.exec.DaemonConnectionBackedEventConsumer$ForwardEvents::dispatchEvent (26 bytes)
Event: 468.421 Thread 0x0000020022c7ff10 nmethod 17134 0x000002000d59ac90 code [0x000002000d59ae80, 0x000002000d59b328]
Event: 468.421 Thread 0x0000020022c7ff10 17135       3       org.gradle.launcher.daemon.server.DefaultDaemonConnection::event (16 bytes)
Event: 468.422 Thread 0x0000020022c7ff10 nmethod 17135 0x000002000d59b610 code [0x000002000d59b7e0, 0x000002000d59bb08]
Event: 468.422 Thread 0x0000020022c7ff10 17136       3       org.gradle.api.internal.tasks.properties.DefaultCacheableOutputFilePropertySpec::getOutputFile (10 bytes)
Event: 468.422 Thread 0x0000020022c7ff10 nmethod 17136 0x000002000d59bc90 code [0x000002000d59be40, 0x000002000d59c0a8]
Event: 468.462 Thread 0x000002002d5cdfa0 nmethod 17106 0x0000020013dda510 code [0x0000020013dda780, 0x0000020013ddc928]
Event: 468.462 Thread 0x000002002d5cdfa0 17109       4       org.gradle.internal.fingerprint.impl.AbstractFileCollectionFingerprinter::fingerprint (10 bytes)
Event: 468.463 Thread 0x000002002d5cdfa0 nmethod 17109 0x0000020013ddd790 code [0x0000020013ddd920, 0x0000020013ddd9c8]
Event: 468.463 Thread 0x000002002d5cdfa0 17105       4       org.gradle.api.internal.attributes.DefaultAttributesSchema::withProducer (17 bytes)
Event: 468.465 Thread 0x000002002d5cdfa0 nmethod 17105 0x0000020013ddda90 code [0x0000020013dddc20, 0x0000020013dddef8]
Event: 468.485 Thread 0x000002002d5cda90 nmethod 17076 0x0000020013dde010 code [0x0000020013dde420, 0x0000020013de1048]
Event: 468.643 Thread 0x000002002d5cda90 17137       4       java.io.ObjectInputStream$BlockDataInputStream::setBlockDataMode (74 bytes)
Event: 468.643 Thread 0x000002002d5cda90 nmethod 17137 0x0000020013de3490 code [0x0000020013de3600, 0x0000020013de36d8]

GC Heap History (20 events):
Event: 18.096 GC heap before
{Heap before GC invocations=47 (full 0):
 garbage-first heap   total 177152K, used 129608K [0x0000000080000000, 0x0000000100000000)
  region size 1024K, 10 young (10240K), 7 survivors (7168K)
 Metaspace       used 100838K, committed 101632K, reserved 1138688K
  class space    used 13736K, committed 14144K, reserved 1048576K
}
Event: 18.099 GC heap after
{Heap after GC invocations=48 (full 0):
 garbage-first heap   total 177152K, used 107814K [0x0000000080000000, 0x0000000100000000)
  region size 1024K, 2 young (2048K), 2 survivors (2048K)
 Metaspace       used 100838K, committed 101632K, reserved 1138688K
  class space    used 13736K, committed 14144K, reserved 1048576K
}
Event: 258.925 GC heap before
{Heap before GC invocations=48 (full 0):
 garbage-first heap   total 177152K, used 160038K [0x0000000080000000, 0x0000000100000000)
  region size 1024K, 41 young (41984K), 2 survivors (2048K)
 Metaspace       used 102220K, committed 102976K, reserved 1138688K
  class space    used 13918K, committed 14272K, reserved 1048576K
}
Event: 258.929 GC heap after
{Heap after GC invocations=49 (full 0):
 garbage-first heap   total 177152K, used 107915K [0x0000000080000000, 0x0000000100000000)
  region size 1024K, 4 young (4096K), 4 survivors (4096K)
 Metaspace       used 102220K, committed 102976K, reserved 1138688K
  class space    used 13918K, committed 14272K, reserved 1048576K
}
Event: 260.152 GC heap before
{Heap before GC invocations=49 (full 0):
 garbage-first heap   total 177152K, used 146827K [0x0000000080000000, 0x0000000100000000)
  region size 1024K, 43 young (44032K), 4 survivors (4096K)
 Metaspace       used 102850K, committed 103616K, reserved 1138688K
  class space    used 13938K, committed 14336K, reserved 1048576K
}
Event: 260.159 GC heap after
{Heap after GC invocations=50 (full 0):
 garbage-first heap   total 177152K, used 113170K [0x0000000080000000, 0x0000000100000000)
  region size 1024K, 6 young (6144K), 6 survivors (6144K)
 Metaspace       used 102850K, committed 103616K, reserved 1138688K
  class space    used 13938K, committed 14336K, reserved 1048576K
}
Event: 260.849 GC heap before
{Heap before GC invocations=50 (full 0):
 garbage-first heap   total 177152K, used 145938K [0x0000000080000000, 0x0000000100000000)
  region size 1024K, 39 young (39936K), 6 survivors (6144K)
 Metaspace       used 104603K, committed 105408K, reserved 1146880K
  class space    used 14143K, committed 14528K, reserved 1048576K
}
Event: 260.855 GC heap after
{Heap after GC invocations=51 (full 0):
 garbage-first heap   total 177152K, used 117219K [0x0000000080000000, 0x0000000100000000)
  region size 1024K, 4 young (4096K), 4 survivors (4096K)
 Metaspace       used 104603K, committed 105408K, reserved 1146880K
  class space    used 14143K, committed 14528K, reserved 1048576K
}
Event: 262.661 GC heap before
{Heap before GC invocations=51 (full 0):
 garbage-first heap   total 177152K, used 146915K [0x0000000080000000, 0x0000000100000000)
  region size 1024K, 34 young (34816K), 4 survivors (4096K)
 Metaspace       used 107416K, committed 108288K, reserved 1146880K
  class space    used 14556K, committed 14976K, reserved 1048576K
}
Event: 262.665 GC heap after
{Heap after GC invocations=52 (full 0):
 garbage-first heap   total 177152K, used 120531K [0x0000000080000000, 0x0000000100000000)
  region size 1024K, 4 young (4096K), 4 survivors (4096K)
 Metaspace       used 107416K, committed 108288K, reserved 1146880K
  class space    used 14556K, committed 14976K, reserved 1048576K
}
Event: 263.104 GC heap before
{Heap before GC invocations=52 (full 0):
 garbage-first heap   total 177152K, used 147155K [0x0000000080000000, 0x0000000100000000)
  region size 1024K, 31 young (31744K), 4 survivors (4096K)
 Metaspace       used 109916K, committed 110784K, reserved 1146880K
  class space    used 14922K, committed 15360K, reserved 1048576K
}
Event: 263.108 GC heap after
{Heap after GC invocations=53 (full 0):
 garbage-first heap   total 177152K, used 123146K [0x0000000080000000, 0x0000000100000000)
  region size 1024K, 3 young (3072K), 3 survivors (3072K)
 Metaspace       used 109916K, committed 110784K, reserved 1146880K
  class space    used 14922K, committed 15360K, reserved 1048576K
}
Event: 263.352 GC heap before
{Heap before GC invocations=53 (full 0):
 garbage-first heap   total 177152K, used 133386K [0x0000000080000000, 0x0000000100000000)
  region size 1024K, 15 young (15360K), 3 survivors (3072K)
 Metaspace       used 113315K, committed 114176K, reserved 1155072K
  class space    used 15381K, committed 15808K, reserved 1048576K
}
Event: 263.355 GC heap after
{Heap after GC invocations=54 (full 0):
 garbage-first heap   total 177152K, used 124038K [0x0000000080000000, 0x0000000100000000)
  region size 1024K, 1 young (1024K), 1 survivors (1024K)
 Metaspace       used 113315K, committed 114176K, reserved 1155072K
  class space    used 15381K, committed 15808K, reserved 1048576K
}
Event: 263.750 GC heap before
{Heap before GC invocations=55 (full 0):
 garbage-first heap   total 217088K, used 145542K [0x0000000080000000, 0x0000000100000000)
  region size 1024K, 23 young (23552K), 1 survivors (1024K)
 Metaspace       used 119148K, committed 120064K, reserved 1155072K
  class space    used 16336K, committed 16768K, reserved 1048576K
}
Event: 263.753 GC heap after
{Heap after GC invocations=56 (full 0):
 garbage-first heap   total 217088K, used 124625K [0x0000000080000000, 0x0000000100000000)
  region size 1024K, 2 young (2048K), 2 survivors (2048K)
 Metaspace       used 119148K, committed 120064K, reserved 1155072K
  class space    used 16336K, committed 16768K, reserved 1048576K
}
Event: 264.014 GC heap before
{Heap before GC invocations=56 (full 0):
 garbage-first heap   total 217088K, used 132817K [0x0000000080000000, 0x0000000100000000)
  region size 1024K, 10 young (10240K), 2 survivors (2048K)
 Metaspace       used 120860K, committed 121792K, reserved 1155072K
  class space    used 16643K, committed 17088K, reserved 1048576K
}
Event: 264.019 GC heap after
{Heap after GC invocations=57 (full 0):
 garbage-first heap   total 217088K, used 118576K [0x0000000080000000, 0x0000000100000000)
  region size 1024K, 2 young (2048K), 2 survivors (2048K)
 Metaspace       used 120860K, committed 121792K, reserved 1155072K
  class space    used 16643K, committed 17088K, reserved 1048576K
}
Event: 467.276 GC heap before
{Heap before GC invocations=57 (full 0):
 garbage-first heap   total 217088K, used 192304K [0x0000000080000000, 0x0000000100000000)
  region size 1024K, 61 young (62464K), 2 survivors (2048K)
 Metaspace       used 122951K, committed 123840K, reserved 1163264K
  class space    used 17019K, committed 17472K, reserved 1048576K
}
Event: 467.280 GC heap after
{Heap after GC invocations=58 (full 0):
 garbage-first heap   total 217088K, used 121349K [0x0000000080000000, 0x0000000100000000)
  region size 1024K, 4 young (4096K), 4 survivors (4096K)
 Metaspace       used 122951K, committed 123840K, reserved 1163264K
  class space    used 17019K, committed 17472K, reserved 1048576K
}

Dll operation events (2 events):
Event: 0.016 Loaded shared library D:\Programas\Android Studio\jbr\bin\java.dll
Event: 0.476 Loaded shared library D:\Programas\Android Studio\jbr\bin\verify.dll

Deoptimization events (20 events):
Event: 468.371 Thread 0x000002002d475930 Uncommon trap: trap_request=0xffffff45 fr.pc=0x0000020013d10810 relative=0x00000000000064b0
Event: 468.371 Thread 0x000002002d475930 Uncommon trap: reason=unstable_if action=reinterpret pc=0x0000020013d10810 method=java.io.ObjectOutputStream.writeObject0(Ljava/lang/Object;Z)V @ 248 c2
Event: 468.371 Thread 0x000002002d475930 DEOPT PACKING pc=0x0000020013d10810 sp=0x000000d9fd5fd930
Event: 468.371 Thread 0x000002002d475930 DEOPT UNPACKING pc=0x0000020012fb69a3 sp=0x000000d9fd5fd918 mode 2
Event: 468.375 Thread 0x00000200280513c0 Uncommon trap: trap_request=0xffffffc6 fr.pc=0x00000200135747d4 relative=0x0000000000000874
Event: 468.375 Thread 0x00000200280513c0 Uncommon trap: reason=bimorphic_or_optimized_type_check action=maybe_recompile pc=0x00000200135747d4 method=java.util.Hashtable.get(Ljava/lang/Object;)Ljava/lang/Object; @ 6 c2
Event: 468.375 Thread 0x00000200280513c0 DEOPT PACKING pc=0x00000200135747d4 sp=0x000000d9fdbfe9c0
Event: 468.375 Thread 0x00000200280513c0 DEOPT UNPACKING pc=0x0000020012fb69a3 sp=0x000000d9fdbfe970 mode 2
Event: 468.375 Thread 0x00000200280513c0 Uncommon trap: trap_request=0xffffffc6 fr.pc=0x0000020013525300 relative=0x0000000000000c60
Event: 468.375 Thread 0x00000200280513c0 Uncommon trap: reason=bimorphic_or_optimized_type_check action=maybe_recompile pc=0x0000020013525300 method=java.util.Hashtable.put(Ljava/lang/Object;Ljava/lang/Object;)Ljava/lang/Object; @ 18 c2
Event: 468.375 Thread 0x00000200280513c0 DEOPT PACKING pc=0x0000020013525300 sp=0x000000d9fdbfe9a0
Event: 468.375 Thread 0x00000200280513c0 DEOPT UNPACKING pc=0x0000020012fb69a3 sp=0x000000d9fdbfe968 mode 2
Event: 468.375 Thread 0x00000200280513c0 Uncommon trap: trap_request=0xffffffc6 fr.pc=0x00000200135747d4 relative=0x0000000000000874
Event: 468.375 Thread 0x00000200280513c0 Uncommon trap: reason=bimorphic_or_optimized_type_check action=maybe_recompile pc=0x00000200135747d4 method=java.util.Hashtable.get(Ljava/lang/Object;)Ljava/lang/Object; @ 6 c2
Event: 468.375 Thread 0x00000200280513c0 DEOPT PACKING pc=0x00000200135747d4 sp=0x000000d9fdbfe9c0
Event: 468.375 Thread 0x00000200280513c0 DEOPT UNPACKING pc=0x0000020012fb69a3 sp=0x000000d9fdbfe970 mode 2
Event: 468.375 Thread 0x00000200280513c0 Uncommon trap: trap_request=0xffffffc6 fr.pc=0x0000020013525300 relative=0x0000000000000c60
Event: 468.375 Thread 0x00000200280513c0 Uncommon trap: reason=bimorphic_or_optimized_type_check action=maybe_recompile pc=0x0000020013525300 method=java.util.Hashtable.put(Ljava/lang/Object;Ljava/lang/Object;)Ljava/lang/Object; @ 18 c2
Event: 468.375 Thread 0x00000200280513c0 DEOPT PACKING pc=0x0000020013525300 sp=0x000000d9fdbfe9a0
Event: 468.375 Thread 0x00000200280513c0 DEOPT UNPACKING pc=0x0000020012fb69a3 sp=0x000000d9fdbfe968 mode 2

Classes unloaded (9 events):
Event: 263.422 Thread 0x00000200223de010 Unloading class 0x0000000100d31c00 'java/lang/invoke/LambdaForm$DMH+0x0000000100d31c00'
Event: 263.422 Thread 0x00000200223de010 Unloading class 0x0000000100d31800 'java/lang/invoke/LambdaForm$DMH+0x0000000100d31800'
Event: 263.422 Thread 0x00000200223de010 Unloading class 0x0000000100d31400 'java/lang/invoke/LambdaForm$DMH+0x0000000100d31400'
Event: 263.422 Thread 0x00000200223de010 Unloading class 0x0000000100d30800 'java/lang/invoke/LambdaForm$DMH+0x0000000100d30800'
Event: 263.422 Thread 0x00000200223de010 Unloading class 0x0000000100d31000 'java/lang/invoke/LambdaForm$DMH+0x0000000100d31000'
Event: 263.422 Thread 0x00000200223de010 Unloading class 0x0000000100d30400 'java/lang/invoke/LambdaForm$DMH+0x0000000100d30400'
Event: 263.422 Thread 0x00000200223de010 Unloading class 0x0000000100d30c00 'java/lang/invoke/LambdaForm$DMH+0x0000000100d30c00'
Event: 467.403 Thread 0x00000200223de010 Unloading class 0x0000000100ed1c00 'jdk/internal/reflect/GeneratedSerializationConstructorAccessor160'
Event: 467.403 Thread 0x00000200223de010 Unloading class 0x0000000100ed1800 'jdk/internal/reflect/GeneratedSerializationConstructorAccessor161'

Classes redefined (0 events):
No events

Internal exceptions (20 events):
Event: 264.110 Thread 0x000002002a1e22c0 Exception <a 'sun/nio/fs/WindowsException'{0x000000008d2fbe70}> (0x000000008d2fbe70) 
thrown [s\src\hotspot\share\prims\jni.cpp, line 517]
Event: 264.110 Thread 0x000002002a1e22c0 Exception <a 'sun/nio/fs/WindowsException'{0x000000008d2fc1e8}> (0x000000008d2fc1e8) 
thrown [s\src\hotspot\share\prims\jni.cpp, line 517]
Event: 264.139 Thread 0x000002002f8163a0 Exception <a 'sun/nio/fs/WindowsException'{0x000000008d004b00}> (0x000000008d004b00) 
thrown [s\src\hotspot\share\prims\jni.cpp, line 517]
Event: 264.211 Thread 0x000002002f8163a0 Exception <a 'java/lang/NoSuchMethodError'{0x000000008c8bd558}: 'long java.lang.invoke.DirectMethodHandle$Holder.invokeStatic(java.lang.Object, java.lang.Object, java.lang.Object)'> (0x000000008c8bd558) 
thrown [s\src\hotspot\share\interpreter\linkResolver.cpp, line 771]
Event: 264.249 Thread 0x000002002f8163a0 Exception <a 'java/lang/IncompatibleClassChangeError'{0x000000008c791430}: Found class java.lang.Object, but interface was expected> (0x000000008c791430) 
thrown [s\src\hotspot\share\interpreter\linkResolver.cpp, line 838]
Event: 264.258 Thread 0x000002002f8163a0 Exception <a 'sun/nio/fs/WindowsException'{0x000000008c636d10}> (0x000000008c636d10) 
thrown [s\src\hotspot\share\prims\jni.cpp, line 517]
Event: 264.403 Thread 0x0000020026612600 Exception <a 'sun/nio/fs/WindowsException'{0x000000008c2868c0}> (0x000000008c2868c0) 
thrown [s\src\hotspot\share\prims\jni.cpp, line 517]
Event: 264.403 Thread 0x0000020026612600 Exception <a 'sun/nio/fs/WindowsException'{0x000000008c286c20}> (0x000000008c286c20) 
thrown [s\src\hotspot\share\prims\jni.cpp, line 517]
Event: 264.403 Thread 0x0000020026612600 Exception <a 'sun/nio/fs/WindowsException'{0x000000008c288a60}> (0x000000008c288a60) 
thrown [s\src\hotspot\share\prims\jni.cpp, line 517]
Event: 467.417 Thread 0x000002002f1e62c0 Exception <a 'sun/nio/fs/WindowsException'{0x000000008ffe00d0}> (0x000000008ffe00d0) 
thrown [s\src\hotspot\share\prims\jni.cpp, line 517]
Event: 467.774 Thread 0x000002002f1e62c0 Exception <a 'sun/nio/fs/WindowsException'{0x000000008c4baca8}> (0x000000008c4baca8) 
thrown [s\src\hotspot\share\prims\jni.cpp, line 517]
Event: 467.780 Thread 0x000002002f1e62c0 Exception <a 'sun/nio/fs/WindowsException'{0x000000008c357eb0}> (0x000000008c357eb0) 
thrown [s\src\hotspot\share\prims\jni.cpp, line 517]
Event: 467.780 Thread 0x000002002f1e62c0 Exception <a 'sun/nio/fs/WindowsException'{0x000000008c359228}> (0x000000008c359228) 
thrown [s\src\hotspot\share\prims\jni.cpp, line 517]
Event: 467.780 Thread 0x000002002f1e62c0 Exception <a 'sun/nio/fs/WindowsException'{0x000000008c35a5f0}> (0x000000008c35a5f0) 
thrown [s\src\hotspot\share\prims\jni.cpp, line 517]
Event: 467.781 Thread 0x000002002f1e62c0 Exception <a 'sun/nio/fs/WindowsException'{0x000000008c35b9b8}> (0x000000008c35b9b8) 
thrown [s\src\hotspot\share\prims\jni.cpp, line 517]
Event: 467.944 Thread 0x0000020025451860 Exception <a 'sun/nio/fs/WindowsException'{0x000000008be17c88}> (0x000000008be17c88) 
thrown [s\src\hotspot\share\prims\jni.cpp, line 517]
Event: 468.349 Thread 0x0000020025451860 Exception <a 'sun/nio/fs/WindowsException'{0x000000008a54a788}> (0x000000008a54a788) 
thrown [s\src\hotspot\share\prims\jni.cpp, line 517]
Event: 468.360 Thread 0x000002002cbfdce0 Exception <a 'java/lang/InterruptedException'{0x000000008a4171b0}> (0x000000008a4171b0) 
thrown [s\src\hotspot\share\runtime\objectMonitor.cpp, line 1648]
Event: 468.402 Thread 0x0000020025451860 Exception <a 'sun/nio/fs/WindowsException'{0x0000000089fa9db8}> (0x0000000089fa9db8) 
thrown [s\src\hotspot\share\prims\jni.cpp, line 517]
Event: 468.410 Thread 0x0000020025451860 Exception <a 'sun/nio/fs/WindowsException'{0x0000000089e6a570}> (0x0000000089e6a570) 
thrown [s\src\hotspot\share\prims\jni.cpp, line 517]

VM Operations (20 events):
Event: 332.359 Executing VM operation: Cleanup
Event: 332.359 Executing VM operation: Cleanup done
Event: 342.366 Executing VM operation: Cleanup
Event: 342.366 Executing VM operation: Cleanup done
Event: 387.392 Executing VM operation: Cleanup
Event: 387.392 Executing VM operation: Cleanup done
Event: 442.419 Executing VM operation: Cleanup
Event: 442.419 Executing VM operation: Cleanup done
Event: 454.426 Executing VM operation: Cleanup
Event: 454.426 Executing VM operation: Cleanup done
Event: 467.276 Executing VM operation: G1CollectForAllocation
Event: 467.285 Executing VM operation: G1CollectForAllocation done
Event: 467.397 Executing VM operation: G1Concurrent
Event: 467.413 Executing VM operation: G1Concurrent done
Event: 467.461 Executing VM operation: G1Concurrent
Event: 467.463 Executing VM operation: G1Concurrent done
Event: 467.847 Executing VM operation: ICBufferFull
Event: 467.847 Executing VM operation: ICBufferFull done
Event: 468.308 Executing VM operation: ICBufferFull
Event: 468.308 Executing VM operation: ICBufferFull done

Events (20 events):
Event: 467.200 Thread 0x0000020028eceed0 Thread added: 0x0000020028eceed0
Event: 467.266 Thread 0x000002002a1e1450 Thread added: 0x000002002a1e1450
Event: 467.464 Thread 0x000002002a2065d0 Thread added: 0x000002002a2065d0
Event: 467.468 Thread 0x000002002a205760 Thread added: 0x000002002a205760
Event: 467.901 Thread 0x0000020028051d60 Thread added: 0x0000020028051d60
Event: 467.922 Thread 0x0000020025450ec0 Thread added: 0x0000020025450ec0
Event: 467.928 Thread 0x0000020025451860 Thread added: 0x0000020025451860
Event: 467.928 Thread 0x0000020025451d30 Thread added: 0x0000020025451d30
Event: 467.928 Thread 0x0000020025453070 Thread added: 0x0000020025453070
Event: 467.934 Thread 0x0000020025453a10 Thread added: 0x0000020025453a10
Event: 467.934 Thread 0x000002002d477610 Thread added: 0x000002002d477610
Event: 467.934 Thread 0x000002002d474f90 Thread added: 0x000002002d474f90
Event: 467.936 Thread 0x000002002ca764b0 Thread added: 0x000002002ca764b0
Event: 468.341 Thread 0x000002002d475930 Thread added: 0x000002002d475930
Event: 468.354 Thread 0x000002002cbfdce0 Thread added: 0x000002002cbfdce0
Event: 468.373 Thread 0x00000200280513c0 Thread added: 0x00000200280513c0
Event: 468.640 Thread 0x0000020028052230 Thread added: 0x0000020028052230
Event: 468.643 Thread 0x000002002d5cdfa0 Thread exited: 0x000002002d5cdfa0
Event: 468.643 loading class java/rmi/server/Unreferenced
Event: 468.643 loading class java/rmi/server/Unreferenced done


Dynamic libraries:
0x00007ff62c580000 - 0x00007ff62c58a000 	D:\Programas\Android Studio\jbr\bin\java.exe
0x00007ffe868b0000 - 0x00007ffe86ac7000 	C:\Windows\SYSTEM32\ntdll.dll
0x00007ffe84d50000 - 0x00007ffe84e14000 	C:\Windows\System32\KERNEL32.DLL
0x00007ffe83d90000 - 0x00007ffe84135000 	C:\Windows\System32\KERNELBASE.dll
0x00007ffe83bf0000 - 0x00007ffe83d01000 	C:\Windows\System32\ucrtbase.dll
0x00007ffe80c90000 - 0x00007ffe80cab000 	D:\Programas\Android Studio\jbr\bin\VCRUNTIME140.dll
0x00007ffe61b90000 - 0x00007ffe61ba7000 	D:\Programas\Android Studio\jbr\bin\jli.dll
0x00007ffe84e20000 - 0x00007ffe84fce000 	C:\Windows\System32\USER32.dll
0x00007ffe6aec0000 - 0x00007ffe6b153000 	C:\Windows\WinSxS\amd64_microsoft.windows.common-controls_6595b64144ccf1df_6.0.22621.2506_none_270c5ae97388e100\COMCTL32.dll
0x00007ffe843c0000 - 0x00007ffe843e6000 	C:\Windows\System32\win32u.dll
0x00007ffe848c0000 - 0x00007ffe84967000 	C:\Windows\System32\msvcrt.dll
0x00007ffe85db0000 - 0x00007ffe85dd9000 	C:\Windows\System32\GDI32.dll
0x00007ffe844b0000 - 0x00007ffe845c9000 	C:\Windows\System32\gdi32full.dll
0x00007ffe84140000 - 0x00007ffe841da000 	C:\Windows\System32\msvcp_win.dll
0x00007ffe86380000 - 0x00007ffe863b1000 	C:\Windows\System32\IMM32.DLL
0x00007ffe80d40000 - 0x00007ffe80d4c000 	D:\Programas\Android Studio\jbr\bin\vcruntime140_1.dll
0x00007ffe621f0000 - 0x00007ffe6227d000 	D:\Programas\Android Studio\jbr\bin\msvcp140.dll
0x00007ffdb09e0000 - 0x00007ffdb164e000 	D:\Programas\Android Studio\jbr\bin\server\jvm.dll
0x00007ffe847f0000 - 0x00007ffe848a1000 	C:\Windows\System32\ADVAPI32.dll
0x00007ffe84a90000 - 0x00007ffe84b36000 	C:\Windows\System32\sechost.dll
0x00007ffe85de0000 - 0x00007ffe85ef7000 	C:\Windows\System32\RPCRT4.dll
0x00007ffe7d310000 - 0x00007ffe7d344000 	C:\Windows\SYSTEM32\WINMM.dll
0x00007ffe7ad70000 - 0x00007ffe7ad7a000 	C:\Windows\SYSTEM32\VERSION.dll
0x00007ffe72410000 - 0x00007ffe72419000 	C:\Windows\SYSTEM32\WSOCK32.dll
0x00007ffe84c80000 - 0x00007ffe84cf1000 	C:\Windows\System32\WS2_32.dll
0x00007ffe82c40000 - 0x00007ffe82c58000 	C:\Windows\SYSTEM32\kernel.appcore.dll
0x00007ffe72400000 - 0x00007ffe7240a000 	D:\Programas\Android Studio\jbr\bin\jimage.dll
0x00007ffe7b920000 - 0x00007ffe7bb53000 	C:\Windows\SYSTEM32\DBGHELP.DLL
0x00007ffe85f80000 - 0x00007ffe86309000 	C:\Windows\System32\combase.dll
0x00007ffe84b40000 - 0x00007ffe84c17000 	C:\Windows\System32\OLEAUT32.dll
0x00007ffe6ae80000 - 0x00007ffe6aeb2000 	C:\Windows\SYSTEM32\dbgcore.DLL
0x00007ffe83d10000 - 0x00007ffe83d8a000 	C:\Windows\System32\bcryptPrimitives.dll
0x00007ffe723d0000 - 0x00007ffe723f5000 	D:\Programas\Android Studio\jbr\bin\java.dll
0x00007ffe70680000 - 0x00007ffe70698000 	D:\Programas\Android Studio\jbr\bin\zip.dll
0x00007ffe850d0000 - 0x00007ffe85929000 	C:\Windows\System32\SHELL32.dll
0x00007ffe81ac0000 - 0x00007ffe823b4000 	C:\Windows\SYSTEM32\windows.storage.dll
0x00007ffe81980000 - 0x00007ffe81abe000 	C:\Windows\SYSTEM32\wintypes.dll
0x00007ffe85cb0000 - 0x00007ffe85da3000 	C:\Windows\System32\SHCORE.dll
0x00007ffe85f20000 - 0x00007ffe85f7e000 	C:\Windows\System32\shlwapi.dll
0x00007ffe83b20000 - 0x00007ffe83b46000 	C:\Windows\SYSTEM32\profapi.dll
0x00007ffe70660000 - 0x00007ffe70679000 	D:\Programas\Android Studio\jbr\bin\net.dll
0x00007ffe7d350000 - 0x00007ffe7d487000 	C:\Windows\SYSTEM32\WINHTTP.dll
0x00007ffe83110000 - 0x00007ffe83179000 	C:\Windows\system32\mswsock.dll
0x00007ffe624f0000 - 0x00007ffe62506000 	D:\Programas\Android Studio\jbr\bin\nio.dll
0x00007ffe723c0000 - 0x00007ffe723d0000 	D:\Programas\Android Studio\jbr\bin\verify.dll
0x00007ffe7e650000 - 0x00007ffe7e677000 	C:\Users\macha\.gradle\native\68d5fa5c4cc2d200863cafc0d521ce42e7d3e7ee720ec0a83991735586a16f82\windows-amd64\native-platform.dll
0x00007ffe525c0000 - 0x00007ffe52704000 	C:\Users\macha\.gradle\native\e376f236ea51e6404a007f0833ffe2c6e607c4080706a723a18a27aeea778392\windows-amd64\native-platform-file-events.dll
0x00007ffe70aa0000 - 0x00007ffe70aa9000 	D:\Programas\Android Studio\jbr\bin\management.dll
0x00007ffe701d0000 - 0x00007ffe701db000 	D:\Programas\Android Studio\jbr\bin\management_ext.dll
0x00007ffe85f00000 - 0x00007ffe85f08000 	C:\Windows\System32\PSAPI.DLL
0x00007ffe83460000 - 0x00007ffe8347b000 	C:\Windows\SYSTEM32\CRYPTSP.dll
0x00007ffe82c00000 - 0x00007ffe82c35000 	C:\Windows\system32\rsaenh.dll
0x00007ffe831b0000 - 0x00007ffe831dc000 	C:\Windows\SYSTEM32\USERENV.dll
0x00007ffe83540000 - 0x00007ffe83568000 	C:\Windows\SYSTEM32\bcrypt.dll
0x00007ffe83440000 - 0x00007ffe8344c000 	C:\Windows\SYSTEM32\CRYPTBASE.dll
0x00007ffe82690000 - 0x00007ffe826bd000 	C:\Windows\SYSTEM32\IPHLPAPI.DLL
0x00007ffe84970000 - 0x00007ffe84979000 	C:\Windows\System32\NSI.dll
0x00007ffe7db10000 - 0x00007ffe7db29000 	C:\Windows\SYSTEM32\dhcpcsvc6.DLL
0x00007ffe7d230000 - 0x00007ffe7d24f000 	C:\Windows\SYSTEM32\dhcpcsvc.DLL
0x00007ffe82710000 - 0x00007ffe82809000 	C:\Windows\SYSTEM32\DNSAPI.dll
0x00007ffe6f460000 - 0x00007ffe6f468000 	C:\Windows\system32\wshunix.dll
0x00007ffdef580000 - 0x00007ffdef597000 	C:\Windows\system32\napinsp.dll
0x00007ffdeb3b0000 - 0x00007ffdeb3cb000 	C:\Windows\system32\pnrpnsp.dll
0x00007ffdeb390000 - 0x00007ffdeb3a1000 	C:\Windows\System32\winrnr.dll
0x00007ffe6b1d0000 - 0x00007ffe6b1e5000 	C:\Windows\system32\wshbth.dll
0x00007ffe7f680000 - 0x00007ffe7f6a1000 	C:\Windows\system32\nlansp_c.dll
0x00007ffe7ad60000 - 0x00007ffe7ad6a000 	C:\Windows\System32\rasadhlp.dll
0x00007ffe7c7f0000 - 0x00007ffe7c873000 	C:\Windows\System32\fwpuclnt.dll
0x00007ffe80c50000 - 0x00007ffe80c57000 	D:\Programas\Android Studio\jbr\bin\rmi.dll

dbghelp: loaded successfully - version: 4.0.5 - missing functions: none
symbol engine: initialized successfully - sym options: 0x614 - pdb path: .;D:\Programas\Android Studio\jbr\bin;C:\Windows\SYSTEM32;C:\Windows\WinSxS\amd64_microsoft.windows.common-controls_6595b64144ccf1df_6.0.22621.2506_none_270c5ae97388e100;D:\Programas\Android Studio\jbr\bin\server;C:\Users\macha\.gradle\native\68d5fa5c4cc2d200863cafc0d521ce42e7d3e7ee720ec0a83991735586a16f82\windows-amd64;C:\Users\macha\.gradle\native\e376f236ea51e6404a007f0833ffe2c6e607c4080706a723a18a27aeea778392\windows-amd64

VM Arguments:
jvm_args: --add-opens=java.base/java.util=ALL-UNNAMED --add-opens=java.base/java.lang=ALL-UNNAMED --add-opens=java.base/java.lang.invoke=ALL-UNNAMED --add-opens=java.prefs/java.util.prefs=ALL-UNNAMED --add-opens=java.base/java.nio.charset=ALL-UNNAMED --add-opens=java.base/java.net=ALL-UNNAMED --add-opens=java.base/java.util.concurrent.atomic=ALL-UNNAMED -Xmx2048m -Dfile.encoding=UTF-8 -Duser.country=US -Duser.language=en -Duser.variant 
java_command: org.gradle.launcher.daemon.bootstrap.GradleDaemon 8.0
java_class_path (initial): C:\Users\macha\.gradle\wrapper\dists\gradle-8.0-bin\ca5e32bp14vu59qr306oxotwh\gradle-8.0\lib\gradle-launcher-8.0.jar
Launcher Type: SUN_STANDARD

[Global flags]
     intx CICompilerCount                          = 4                                         {product} {ergonomic}
     uint ConcGCThreads                            = 2                                         {product} {ergonomic}
     uint G1ConcRefinementThreads                  = 8                                         {product} {ergonomic}
   size_t G1HeapRegionSize                         = 1048576                                   {product} {ergonomic}
    uintx GCDrainStackTargetSize                   = 64                                        {product} {ergonomic}
   size_t InitialHeapSize                          = 268435456                                 {product} {ergonomic}
   size_t MarkStackSize                            = 4194304                                   {product} {ergonomic}
   size_t MaxHeapSize                              = 2147483648                                {product} {command line}
   size_t MaxNewSize                               = 1287651328                                {product} {ergonomic}
   size_t MinHeapDeltaBytes                        = 1048576                                   {product} {ergonomic}
   size_t MinHeapSize                              = 8388608                                   {product} {ergonomic}
    uintx NonNMethodCodeHeapSize                   = 5839372                                {pd product} {ergonomic}
    uintx NonProfiledCodeHeapSize                  = 122909434                              {pd product} {ergonomic}
    uintx ProfiledCodeHeapSize                     = 122909434                              {pd product} {ergonomic}
    uintx ReservedCodeCacheSize                    = 251658240                              {pd product} {ergonomic}
     bool SegmentedCodeCache                       = true                                      {product} {ergonomic}
   size_t SoftMaxHeapSize                          = 2147483648                             {manageable} {ergonomic}
     bool UseCompressedClassPointers               = true                           {product lp64_product} {ergonomic}
     bool UseCompressedOops                        = true                           {product lp64_product} {ergonomic}
     bool UseG1GC                                  = true                                      {product} {ergonomic}
     bool UseLargePagesIndividualAllocation        = false                                  {pd product} {ergonomic}

Logging:
Log output configuration:
 #0: stdout all=warning uptime,level,tags
 #1: stderr all=off uptime,level,tags

Environment Variables:
JAVA_HOME=C:\Program Files\Microsoft\jdk-17.0.8.101-hotspot\
PATH=C:\ProgramData\Oracle\Java\javapath;C:\Program Files\Microsoft\jdk-17.0.8.101-hotspot\bin;C:\Program Files\Common Files\Oracle\Java\javapath;C:\Windows\system32;C:\Windows;C:\Windows\System32\Wbem;C:\Windows\System32\WindowsPowerShell\v1.0\;C:\Windows\System32\OpenSSH\;C:\Program Files\Git\cmd;C:\Program Files\nodejs\;C:\Users\macha\AppData\Local\Programs\Python\Python311\Scripts\;C:\Users\macha\AppData\Local\Programs\Python\Python311\;C:\Users\macha\AppData\Local\Microsoft\WindowsApps;C:\Users\macha\AppData\Local\Programs\Microsoft VS Code\bin;C:\Program Files\Java\jdk-20\bin;C:\Users\macha\AppData\Roaming\npm;C:\Manager\py.exe;C:\Program Files\Microsoft\jdk-17.0.8.101-hotspot\bin;C:\Program Files\Common Files\Oracle\Java\javapath;C:\Windows\system32;C:\Windows;C:\Windows\System32\Wbem;C:\Windows\System32\WindowsPowerShell\v1.0\;C:\Windows\System32\OpenSSH\;C:\Program Files\Git\cmd;C:\Program Files\nodejs\;C:\Users\macha\AppData\Local\Programs\Python\Python311\Scripts\;C:\Users\macha\AppData\Local\Programs\Python\Python311\;C:\Users\macha\AppData\Local\Microsoft\WindowsApps;C:\Users\macha\AppData\Local\Programs\Microsoft VS Code\bin;C:\Program Files\Java\jdk-20\bin;C:\Users\macha\AppData\Roaming\npm;C:\Manager\py.exe
USERNAME=macha
OS=Windows_NT
PROCESSOR_IDENTIFIER=Intel64 Family 6 Model 165 Stepping 3, GenuineIntel
TMP=C:\Users\macha\AppData\Local\Temp
TEMP=C:\Users\macha\AppData\Local\Temp


JNI global refs:
JNI global refs: 25, weak refs: 0

JNI global refs memory usage: 843, weak refs: 209


---------------  S Y S T E M  ---------------

OS:
 Windows 11 , 64 bit Build 22621 (10.0.22621.2506)
OS uptime: 0 days 6:51 hours
Hyper-V role detected

CPU: total 8 (initial active 8) (4 cores per cpu, 2 threads per core) family 6 model 165 stepping 3 microcode 0xe0, cx8, cmov, fxsr, ht, mmx, 3dnowpref, sse, sse2, sse3, ssse3, sse4.1, sse4.2, popcnt, lzcnt, tsc, tscinvbit, avx, avx2, aes, erms, clmul, bmi1, bmi2, adx, fma, vzeroupper, clflush, clflushopt, hv

Memory: 4k page, system-wide physical 16256M (845M free)
TotalPageFile size 31418M (AvailPageFile size 12M)
current process WorkingSet (physical memory assigned to process): 537M, peak: 542M
current process commit charge ("private bytes"): 571M, peak: 580M

vm_info: OpenJDK 64-Bit Server VM (17.0.6+0-b2043.56-10027231) for windows-amd64 JRE (17.0.6+0-b2043.56-10027231), built on Apr 28 2023 00:43:19 by "androidbuild" with MS VC++ 16.10 / 16.11 (VS2019)

END.
